running egg_info
creating ../../build/sensor_publisher_pkg/sensor_publisher_pkg.egg-info
writing ../../build/sensor_publisher_pkg/sensor_publisher_pkg.egg-info/PKG-INFO
writing dependency_links to ../../build/sensor_publisher_pkg/sensor_publisher_pkg.egg-info/dependency_links.txt
writing entry points to ../../build/sensor_publisher_pkg/sensor_publisher_pkg.egg-info/entry_points.txt
writing requirements to ../../build/sensor_publisher_pkg/sensor_publisher_pkg.egg-info/requires.txt
writing top-level names to ../../build/sensor_publisher_pkg/sensor_publisher_pkg.egg-info/top_level.txt
writing manifest file '../../build/sensor_publisher_pkg/sensor_publisher_pkg.egg-info/SOURCES.txt'
reading manifest file '../../build/sensor_publisher_pkg/sensor_publisher_pkg.egg-info/SOURCES.txt'
writing manifest file '../../build/sensor_publisher_pkg/sensor_publisher_pkg.egg-info/SOURCES.txt'
running build
running build_py
creating /home/abdullahemirkirecci/project_root/build/sensor_publisher_pkg/build
creating /home/abdullahemirkirecci/project_root/build/sensor_publisher_pkg/build/lib
creating /home/abdullahemirkirecci/project_root/build/sensor_publisher_pkg/build/lib/sensor_publisher_pkg
copying sensor_publisher_pkg/__init__.py -> /home/abdullahemirkirecci/project_root/build/sensor_publisher_pkg/build/lib/sensor_publisher_pkg
copying sensor_publisher_pkg/sensor_publisher_node.py -> /home/abdullahemirkirecci/project_root/build/sensor_publisher_pkg/build/lib/sensor_publisher_pkg
running install
running install_lib
creating /home/abdullahemirkirecci/project_root/install/sensor_publisher_pkg/lib/python3.10/site-packages/sensor_publisher_pkg
copying /home/abdullahemirkirecci/project_root/build/sensor_publisher_pkg/build/lib/sensor_publisher_pkg/__init__.py -> /home/abdullahemirkirecci/project_root/install/sensor_publisher_pkg/lib/python3.10/site-packages/sensor_publisher_pkg
copying /home/abdullahemirkirecci/project_root/build/sensor_publisher_pkg/build/lib/sensor_publisher_pkg/sensor_publisher_node.py -> /home/abdullahemirkirecci/project_root/install/sensor_publisher_pkg/lib/python3.10/site-packages/sensor_publisher_pkg
byte-compiling /home/abdullahemirkirecci/project_root/install/sensor_publisher_pkg/lib/python3.10/site-packages/sensor_publisher_pkg/__init__.py to __init__.cpython-310.pyc
byte-compiling /home/abdullahemirkirecci/project_root/install/sensor_publisher_pkg/lib/python3.10/site-packages/sensor_publisher_pkg/sensor_publisher_node.py to sensor_publisher_node.cpython-310.pyc
running install_data
creating /home/abdullahemirkirecci/project_root/install/sensor_publisher_pkg/share/ament_index
creating /home/abdullahemirkirecci/project_root/install/sensor_publisher_pkg/share/ament_index/resource_index
creating /home/abdullahemirkirecci/project_root/install/sensor_publisher_pkg/share/ament_index/resource_index/packages
copying resource/sensor_publisher_pkg -> /home/abdullahemirkirecci/project_root/install/sensor_publisher_pkg/share/ament_index/resource_index/packages
copying package.xml -> /home/abdullahemirkirecci/project_root/install/sensor_publisher_pkg/share/sensor_publisher_pkg
running install_egg_info
Copying ../../build/sensor_publisher_pkg/sensor_publisher_pkg.egg-info to /home/abdullahemirkirecci/project_root/install/sensor_publisher_pkg/lib/python3.10/site-packages/sensor_publisher_pkg-0.0.1-py3.10.egg-info
running install_scripts
Installing sensor_publisher script to /home/abdullahemirkirecci/project_root/install/sensor_publisher_pkg/lib/sensor_publisher_pkg
writing list of installed files to '/home/abdullahemirkirecci/project_root/build/sensor_publisher_pkg/install.log'
