[0.845s] Invoking command in '/home/abdullahemirkirecci/project_root/src/sensor_publisher_pkg': PYTHONPATH=/home/abdullahemirkirecci/project_root/build/sensor_publisher_pkg/prefix_override:/usr/lib/python3/dist-packages/colcon_core/task/python/colcon_distutils_commands:/home/abdullahemirkirecci/project_root/install/sensor_publisher_pkg/lib/python3.10/site-packages:${PYTHONPATH} /usr/bin/python3 -W ignore:setup.py install is deprecated -W ignore:easy_install command is deprecated setup.py egg_info --egg-base ../../build/sensor_publisher_pkg build --build-base /home/abdullahemirkirecci/project_root/build/sensor_publisher_pkg/build install --record /home/abdullahemirkirecci/project_root/build/sensor_publisher_pkg/install.log --install-scripts $base/lib/sensor_publisher_pkg --single-version-externally-managed install_data
[1.033s] /usr/lib/python3/dist-packages/setuptools/dist.py:723: UserWarning: Usage of dash-separated 'script-dir' will not be supported in future versions. Please use the underscore name 'script_dir' instead
[1.033s]   warnings.warn(
[1.040s] running egg_info
[1.041s] creating ../../build/sensor_publisher_pkg/sensor_publisher_pkg.egg-info
[1.041s] writing ../../build/sensor_publisher_pkg/sensor_publisher_pkg.egg-info/PKG-INFO
[1.041s] writing dependency_links to ../../build/sensor_publisher_pkg/sensor_publisher_pkg.egg-info/dependency_links.txt
[1.041s] writing entry points to ../../build/sensor_publisher_pkg/sensor_publisher_pkg.egg-info/entry_points.txt
[1.041s] writing requirements to ../../build/sensor_publisher_pkg/sensor_publisher_pkg.egg-info/requires.txt
[1.042s] writing top-level names to ../../build/sensor_publisher_pkg/sensor_publisher_pkg.egg-info/top_level.txt
[1.042s] writing manifest file '../../build/sensor_publisher_pkg/sensor_publisher_pkg.egg-info/SOURCES.txt'
[1.043s] reading manifest file '../../build/sensor_publisher_pkg/sensor_publisher_pkg.egg-info/SOURCES.txt'
[1.044s] writing manifest file '../../build/sensor_publisher_pkg/sensor_publisher_pkg.egg-info/SOURCES.txt'
[1.044s] running build
[1.044s] running build_py
[1.044s] creating /home/abdullahemirkirecci/project_root/build/sensor_publisher_pkg/build
[1.045s] creating /home/abdullahemirkirecci/project_root/build/sensor_publisher_pkg/build/lib
[1.045s] creating /home/abdullahemirkirecci/project_root/build/sensor_publisher_pkg/build/lib/sensor_publisher_pkg
[1.045s] copying sensor_publisher_pkg/__init__.py -> /home/abdullahemirkirecci/project_root/build/sensor_publisher_pkg/build/lib/sensor_publisher_pkg
[1.045s] copying sensor_publisher_pkg/sensor_publisher_node.py -> /home/abdullahemirkirecci/project_root/build/sensor_publisher_pkg/build/lib/sensor_publisher_pkg
[1.045s] running install
[1.045s] running install_lib
[1.046s] creating /home/abdullahemirkirecci/project_root/install/sensor_publisher_pkg/lib/python3.10/site-packages/sensor_publisher_pkg
[1.046s] copying /home/abdullahemirkirecci/project_root/build/sensor_publisher_pkg/build/lib/sensor_publisher_pkg/__init__.py -> /home/abdullahemirkirecci/project_root/install/sensor_publisher_pkg/lib/python3.10/site-packages/sensor_publisher_pkg
[1.046s] copying /home/abdullahemirkirecci/project_root/build/sensor_publisher_pkg/build/lib/sensor_publisher_pkg/sensor_publisher_node.py -> /home/abdullahemirkirecci/project_root/install/sensor_publisher_pkg/lib/python3.10/site-packages/sensor_publisher_pkg
[1.046s] byte-compiling /home/abdullahemirkirecci/project_root/install/sensor_publisher_pkg/lib/python3.10/site-packages/sensor_publisher_pkg/__init__.py to __init__.cpython-310.pyc
[1.047s] byte-compiling /home/abdullahemirkirecci/project_root/install/sensor_publisher_pkg/lib/python3.10/site-packages/sensor_publisher_pkg/sensor_publisher_node.py to sensor_publisher_node.cpython-310.pyc
[1.047s] running install_data
[1.047s] creating /home/abdullahemirkirecci/project_root/install/sensor_publisher_pkg/share/ament_index
[1.047s] creating /home/abdullahemirkirecci/project_root/install/sensor_publisher_pkg/share/ament_index/resource_index
[1.047s] creating /home/abdullahemirkirecci/project_root/install/sensor_publisher_pkg/share/ament_index/resource_index/packages
[1.048s] copying resource/sensor_publisher_pkg -> /home/abdullahemirkirecci/project_root/install/sensor_publisher_pkg/share/ament_index/resource_index/packages
[1.048s] copying package.xml -> /home/abdullahemirkirecci/project_root/install/sensor_publisher_pkg/share/sensor_publisher_pkg
[1.048s] running install_egg_info
[1.049s] Copying ../../build/sensor_publisher_pkg/sensor_publisher_pkg.egg-info to /home/abdullahemirkirecci/project_root/install/sensor_publisher_pkg/lib/python3.10/site-packages/sensor_publisher_pkg-0.0.1-py3.10.egg-info
[1.050s] running install_scripts
[1.070s] Installing sensor_publisher script to /home/abdullahemirkirecci/project_root/install/sensor_publisher_pkg/lib/sensor_publisher_pkg
[1.070s] writing list of installed files to '/home/abdullahemirkirecci/project_root/build/sensor_publisher_pkg/install.log'
[1.124s] Invoked command in '/home/abdullahemirkirecci/project_root/src/sensor_publisher_pkg' returned '0': PYTHONPATH=/home/abdullahemirkirecci/project_root/build/sensor_publisher_pkg/prefix_override:/usr/lib/python3/dist-packages/colcon_core/task/python/colcon_distutils_commands:/home/abdullahemirkirecci/project_root/install/sensor_publisher_pkg/lib/python3.10/site-packages:${PYTHONPATH} /usr/bin/python3 -W ignore:setup.py install is deprecated -W ignore:easy_install command is deprecated setup.py egg_info --egg-base ../../build/sensor_publisher_pkg build --build-base /home/abdullahemirkirecci/project_root/build/sensor_publisher_pkg/build install --record /home/abdullahemirkirecci/project_root/build/sensor_publisher_pkg/install.log --install-scripts $base/lib/sensor_publisher_pkg --single-version-externally-managed install_data
