[0.108s] DEBUG:colcon:Command line arguments: ['/usr/bin/colcon', 'build']
[0.108s] DEBUG:colcon:Parsed command line arguments: Namespace(log_base=None, log_level=None, verb_name='build', build_base='build', install_base='install', merge_install=False, symlink_install=False, test_result_base=None, continue_on_error=False, executor='parallel', parallel_workers=8, event_handlers=None, ignore_user_meta=False, metas=['./colcon.meta'], base_paths=['.'], packages_ignore=None, packages_ignore_regex=None, paths=None, packages_up_to=None, packages_up_to_regex=None, packages_above=None, packages_above_and_dependencies=None, packages_above_depth=None, packages_select_by_dep=None, packages_skip_by_dep=None, packages_skip_up_to=None, packages_select_build_failed=False, packages_skip_build_finished=False, packages_select_test_failures=False, packages_skip_test_passed=False, packages_select=None, packages_skip=None, packages_select_regex=None, packages_skip_regex=None, packages_start=None, packages_end=None, allow_overriding=[], cmake_args=None, cmake_target=None, cmake_target_skip_unavailable=False, cmake_clean_cache=False, cmake_clean_first=False, cmake_force_configure=False, ament_cmake_args=None, catkin_cmake_args=None, catkin_skip_building_tests=False, mixin_files=None, mixin=None, verb_parser=<colcon_mixin.mixin.mixin_argument.MixinArgumentDecorator object at 0x7ea411424eb0>, verb_extension=<colcon_core.verb.build.BuildVerb object at 0x7ea4114244c0>, main=<bound method BuildVerb.main of <colcon_core.verb.build.BuildVerb object at 0x7ea4114244c0>>, mixin_verb=('build',))
[0.239s] Level 1:colcon.colcon_core.package_discovery:discover_packages(colcon_meta) check parameters
[0.239s] Level 1:colcon.colcon_core.package_discovery:discover_packages(recursive) check parameters
[0.239s] Level 1:colcon.colcon_core.package_discovery:discover_packages(ignore) check parameters
[0.239s] Level 1:colcon.colcon_core.package_discovery:discover_packages(path) check parameters
[0.240s] Level 1:colcon.colcon_core.package_discovery:discover_packages(colcon_meta) discover
[0.240s] Level 1:colcon.colcon_core.package_discovery:discover_packages(recursive) discover
[0.240s] INFO:colcon.colcon_core.package_discovery:Crawling recursively for packages in '/home/abdullahemirkirecci/project_root'
[0.240s] Level 1:colcon.colcon_core.package_identification:_identify(.) by extensions ['ignore', 'ignore_ament_install']
[0.254s] Level 1:colcon.colcon_core.package_identification:_identify(.) by extension 'ignore'
[0.254s] Level 1:colcon.colcon_core.package_identification:_identify(.) by extension 'ignore_ament_install'
[0.254s] Level 1:colcon.colcon_core.package_identification:_identify(.) by extensions ['colcon_pkg']
[0.254s] Level 1:colcon.colcon_core.package_identification:_identify(.) by extension 'colcon_pkg'
[0.254s] Level 1:colcon.colcon_core.package_identification:_identify(.) by extensions ['colcon_meta']
[0.254s] Level 1:colcon.colcon_core.package_identification:_identify(.) by extension 'colcon_meta'
[0.254s] Level 1:colcon.colcon_core.package_identification:_identify(.) by extensions ['ros']
[0.254s] Level 1:colcon.colcon_core.package_identification:_identify(.) by extension 'ros'
[0.263s] Level 1:colcon.colcon_core.package_identification:_identify(.) by extensions ['cmake', 'python']
[0.263s] Level 1:colcon.colcon_core.package_identification:_identify(.) by extension 'cmake'
[0.263s] Level 1:colcon.colcon_core.package_identification:_identify(.) by extension 'python'
[0.263s] Level 1:colcon.colcon_core.package_identification:_identify(.) by extensions ['python_setup_py']
[0.263s] Level 1:colcon.colcon_core.package_identification:_identify(.) by extension 'python_setup_py'
[0.263s] Level 1:colcon.colcon_core.package_identification:_identify(build) by extensions ['ignore', 'ignore_ament_install']
[0.263s] Level 1:colcon.colcon_core.package_identification:_identify(build) by extension 'ignore'
[0.263s] Level 1:colcon.colcon_core.package_identification:_identify(build) ignored
[0.263s] Level 1:colcon.colcon_core.package_identification:_identify(install) by extensions ['ignore', 'ignore_ament_install']
[0.263s] Level 1:colcon.colcon_core.package_identification:_identify(install) by extension 'ignore'
[0.263s] Level 1:colcon.colcon_core.package_identification:_identify(install) ignored
[0.264s] Level 1:colcon.colcon_core.package_identification:_identify(launch) by extensions ['ignore', 'ignore_ament_install']
[0.264s] Level 1:colcon.colcon_core.package_identification:_identify(launch) by extension 'ignore'
[0.264s] Level 1:colcon.colcon_core.package_identification:_identify(launch) by extension 'ignore_ament_install'
[0.264s] Level 1:colcon.colcon_core.package_identification:_identify(launch) by extensions ['colcon_pkg']
[0.264s] Level 1:colcon.colcon_core.package_identification:_identify(launch) by extension 'colcon_pkg'
[0.264s] Level 1:colcon.colcon_core.package_identification:_identify(launch) by extensions ['colcon_meta']
[0.264s] Level 1:colcon.colcon_core.package_identification:_identify(launch) by extension 'colcon_meta'
[0.264s] Level 1:colcon.colcon_core.package_identification:_identify(launch) by extensions ['ros']
[0.264s] Level 1:colcon.colcon_core.package_identification:_identify(launch) by extension 'ros'
[0.264s] Level 1:colcon.colcon_core.package_identification:_identify(launch) by extensions ['cmake', 'python']
[0.264s] Level 1:colcon.colcon_core.package_identification:_identify(launch) by extension 'cmake'
[0.264s] Level 1:colcon.colcon_core.package_identification:_identify(launch) by extension 'python'
[0.264s] Level 1:colcon.colcon_core.package_identification:_identify(launch) by extensions ['python_setup_py']
[0.264s] Level 1:colcon.colcon_core.package_identification:_identify(launch) by extension 'python_setup_py'
[0.264s] Level 1:colcon.colcon_core.package_identification:_identify(log) by extensions ['ignore', 'ignore_ament_install']
[0.264s] Level 1:colcon.colcon_core.package_identification:_identify(log) by extension 'ignore'
[0.264s] Level 1:colcon.colcon_core.package_identification:_identify(log) ignored
[0.264s] Level 1:colcon.colcon_core.package_identification:_identify(src) by extensions ['ignore', 'ignore_ament_install']
[0.264s] Level 1:colcon.colcon_core.package_identification:_identify(src) by extension 'ignore'
[0.264s] Level 1:colcon.colcon_core.package_identification:_identify(src) by extension 'ignore_ament_install'
[0.264s] Level 1:colcon.colcon_core.package_identification:_identify(src) by extensions ['colcon_pkg']
[0.264s] Level 1:colcon.colcon_core.package_identification:_identify(src) by extension 'colcon_pkg'
[0.264s] Level 1:colcon.colcon_core.package_identification:_identify(src) by extensions ['colcon_meta']
[0.264s] Level 1:colcon.colcon_core.package_identification:_identify(src) by extension 'colcon_meta'
[0.264s] Level 1:colcon.colcon_core.package_identification:_identify(src) by extensions ['ros']
[0.264s] Level 1:colcon.colcon_core.package_identification:_identify(src) by extension 'ros'
[0.264s] Level 1:colcon.colcon_core.package_identification:_identify(src) by extensions ['cmake', 'python']
[0.264s] Level 1:colcon.colcon_core.package_identification:_identify(src) by extension 'cmake'
[0.265s] Level 1:colcon.colcon_core.package_identification:_identify(src) by extension 'python'
[0.265s] Level 1:colcon.colcon_core.package_identification:_identify(src) by extensions ['python_setup_py']
[0.265s] Level 1:colcon.colcon_core.package_identification:_identify(src) by extension 'python_setup_py'
[0.265s] Level 1:colcon.colcon_core.package_identification:_identify(src/command_server_pkg) by extensions ['ignore', 'ignore_ament_install']
[0.265s] Level 1:colcon.colcon_core.package_identification:_identify(src/command_server_pkg) by extension 'ignore'
[0.265s] Level 1:colcon.colcon_core.package_identification:_identify(src/command_server_pkg) by extension 'ignore_ament_install'
[0.265s] Level 1:colcon.colcon_core.package_identification:_identify(src/command_server_pkg) by extensions ['colcon_pkg']
[0.265s] Level 1:colcon.colcon_core.package_identification:_identify(src/command_server_pkg) by extension 'colcon_pkg'
[0.265s] Level 1:colcon.colcon_core.package_identification:_identify(src/command_server_pkg) by extensions ['colcon_meta']
[0.265s] Level 1:colcon.colcon_core.package_identification:_identify(src/command_server_pkg) by extension 'colcon_meta'
[0.265s] Level 1:colcon.colcon_core.package_identification:_identify(src/command_server_pkg) by extensions ['ros']
[0.265s] Level 1:colcon.colcon_core.package_identification:_identify(src/command_server_pkg) by extension 'ros'
[0.267s] DEBUG:colcon.colcon_core.package_identification:Package 'src/command_server_pkg' with type 'ros.ament_cmake' and name 'command_server_pkg'
[0.267s] Level 1:colcon.colcon_core.package_identification:_identify(src/data_processor_pkg) by extensions ['ignore', 'ignore_ament_install']
[0.267s] Level 1:colcon.colcon_core.package_identification:_identify(src/data_processor_pkg) by extension 'ignore'
[0.267s] Level 1:colcon.colcon_core.package_identification:_identify(src/data_processor_pkg) by extension 'ignore_ament_install'
[0.267s] Level 1:colcon.colcon_core.package_identification:_identify(src/data_processor_pkg) by extensions ['colcon_pkg']
[0.267s] Level 1:colcon.colcon_core.package_identification:_identify(src/data_processor_pkg) by extension 'colcon_pkg'
[0.267s] Level 1:colcon.colcon_core.package_identification:_identify(src/data_processor_pkg) by extensions ['colcon_meta']
[0.267s] Level 1:colcon.colcon_core.package_identification:_identify(src/data_processor_pkg) by extension 'colcon_meta'
[0.267s] Level 1:colcon.colcon_core.package_identification:_identify(src/data_processor_pkg) by extensions ['ros']
[0.267s] Level 1:colcon.colcon_core.package_identification:_identify(src/data_processor_pkg) by extension 'ros'
[0.268s] DEBUG:colcon.colcon_core.package_identification:Package 'src/data_processor_pkg' with type 'ros.ament_python' and name 'data_processor_pkg'
[0.268s] Level 1:colcon.colcon_core.package_identification:_identify(src/my_project) by extensions ['ignore', 'ignore_ament_install']
[0.268s] Level 1:colcon.colcon_core.package_identification:_identify(src/my_project) by extension 'ignore'
[0.268s] Level 1:colcon.colcon_core.package_identification:_identify(src/my_project) by extension 'ignore_ament_install'
[0.268s] Level 1:colcon.colcon_core.package_identification:_identify(src/my_project) by extensions ['colcon_pkg']
[0.268s] Level 1:colcon.colcon_core.package_identification:_identify(src/my_project) by extension 'colcon_pkg'
[0.268s] Level 1:colcon.colcon_core.package_identification:_identify(src/my_project) by extensions ['colcon_meta']
[0.268s] Level 1:colcon.colcon_core.package_identification:_identify(src/my_project) by extension 'colcon_meta'
[0.268s] Level 1:colcon.colcon_core.package_identification:_identify(src/my_project) by extensions ['ros']
[0.268s] Level 1:colcon.colcon_core.package_identification:_identify(src/my_project) by extension 'ros'
[0.269s] DEBUG:colcon.colcon_core.package_identification:Package 'src/my_project' with type 'ros.ament_cmake' and name 'my_project'
[0.269s] Level 1:colcon.colcon_core.package_identification:_identify(src/sensor_publisher_pkg) by extensions ['ignore', 'ignore_ament_install']
[0.269s] Level 1:colcon.colcon_core.package_identification:_identify(src/sensor_publisher_pkg) by extension 'ignore'
[0.269s] Level 1:colcon.colcon_core.package_identification:_identify(src/sensor_publisher_pkg) by extension 'ignore_ament_install'
[0.269s] Level 1:colcon.colcon_core.package_identification:_identify(src/sensor_publisher_pkg) by extensions ['colcon_pkg']
[0.269s] Level 1:colcon.colcon_core.package_identification:_identify(src/sensor_publisher_pkg) by extension 'colcon_pkg'
[0.269s] Level 1:colcon.colcon_core.package_identification:_identify(src/sensor_publisher_pkg) by extensions ['colcon_meta']
[0.269s] Level 1:colcon.colcon_core.package_identification:_identify(src/sensor_publisher_pkg) by extension 'colcon_meta'
[0.269s] Level 1:colcon.colcon_core.package_identification:_identify(src/sensor_publisher_pkg) by extensions ['ros']
[0.269s] Level 1:colcon.colcon_core.package_identification:_identify(src/sensor_publisher_pkg) by extension 'ros'
[0.269s] DEBUG:colcon.colcon_core.package_identification:Package 'src/sensor_publisher_pkg' with type 'ros.ament_python' and name 'sensor_publisher_pkg'
[0.269s] Level 1:colcon.colcon_core.package_discovery:discover_packages(recursive) using defaults
[0.269s] Level 1:colcon.colcon_core.package_discovery:discover_packages(ignore) discover
[0.269s] Level 1:colcon.colcon_core.package_discovery:discover_packages(ignore) using defaults
[0.269s] Level 1:colcon.colcon_core.package_discovery:discover_packages(path) discover
[0.269s] Level 1:colcon.colcon_core.package_discovery:discover_packages(path) using defaults
[0.285s] Level 1:colcon.colcon_core.package_discovery:discover_packages(prefix_path) check parameters
[0.286s] Level 1:colcon.colcon_core.package_discovery:discover_packages(prefix_path) discover
[0.287s] DEBUG:colcon.colcon_installed_package_information.package_discovery:Found 3 installed packages in /home/abdullahemirkirecci/project_root/install
[0.287s] DEBUG:colcon.colcon_installed_package_information.package_discovery:Found 1 installed packages in /home/abdullahemirkirecci/ros2_ws/install
[0.288s] DEBUG:colcon.colcon_installed_package_information.package_discovery:Found 283 installed packages in /opt/ros/humble
[0.289s] Level 1:colcon.colcon_core.package_discovery:discover_packages(prefix_path) using defaults
[0.318s] Level 5:colcon.colcon_core.verb:set package 'command_server_pkg' build argument 'cmake_args' from command line to 'None'
[0.318s] Level 5:colcon.colcon_core.verb:set package 'command_server_pkg' build argument 'cmake_target' from command line to 'None'
[0.318s] Level 5:colcon.colcon_core.verb:set package 'command_server_pkg' build argument 'cmake_target_skip_unavailable' from command line to 'False'
[0.318s] Level 5:colcon.colcon_core.verb:set package 'command_server_pkg' build argument 'cmake_clean_cache' from command line to 'False'
[0.318s] Level 5:colcon.colcon_core.verb:set package 'command_server_pkg' build argument 'cmake_clean_first' from command line to 'False'
[0.318s] Level 5:colcon.colcon_core.verb:set package 'command_server_pkg' build argument 'cmake_force_configure' from command line to 'False'
[0.319s] Level 5:colcon.colcon_core.verb:set package 'command_server_pkg' build argument 'ament_cmake_args' from command line to 'None'
[0.319s] Level 5:colcon.colcon_core.verb:set package 'command_server_pkg' build argument 'catkin_cmake_args' from command line to 'None'
[0.319s] Level 5:colcon.colcon_core.verb:set package 'command_server_pkg' build argument 'catkin_skip_building_tests' from command line to 'False'
[0.319s] DEBUG:colcon.colcon_core.verb:Building package 'command_server_pkg' with the following arguments: {'ament_cmake_args': None, 'build_base': '/home/abdullahemirkirecci/project_root/build/command_server_pkg', 'catkin_cmake_args': None, 'catkin_skip_building_tests': False, 'cmake_args': None, 'cmake_clean_cache': False, 'cmake_clean_first': False, 'cmake_force_configure': False, 'cmake_target': None, 'cmake_target_skip_unavailable': False, 'install_base': '/home/abdullahemirkirecci/project_root/install/command_server_pkg', 'merge_install': False, 'path': '/home/abdullahemirkirecci/project_root/src/command_server_pkg', 'symlink_install': False, 'test_result_base': None}
[0.319s] Level 5:colcon.colcon_core.verb:set package 'data_processor_pkg' build argument 'cmake_args' from command line to 'None'
[0.319s] Level 5:colcon.colcon_core.verb:set package 'data_processor_pkg' build argument 'cmake_target' from command line to 'None'
[0.319s] Level 5:colcon.colcon_core.verb:set package 'data_processor_pkg' build argument 'cmake_target_skip_unavailable' from command line to 'False'
[0.319s] Level 5:colcon.colcon_core.verb:set package 'data_processor_pkg' build argument 'cmake_clean_cache' from command line to 'False'
[0.319s] Level 5:colcon.colcon_core.verb:set package 'data_processor_pkg' build argument 'cmake_clean_first' from command line to 'False'
[0.319s] Level 5:colcon.colcon_core.verb:set package 'data_processor_pkg' build argument 'cmake_force_configure' from command line to 'False'
[0.319s] Level 5:colcon.colcon_core.verb:set package 'data_processor_pkg' build argument 'ament_cmake_args' from command line to 'None'
[0.319s] Level 5:colcon.colcon_core.verb:set package 'data_processor_pkg' build argument 'catkin_cmake_args' from command line to 'None'
[0.319s] Level 5:colcon.colcon_core.verb:set package 'data_processor_pkg' build argument 'catkin_skip_building_tests' from command line to 'False'
[0.319s] DEBUG:colcon.colcon_core.verb:Building package 'data_processor_pkg' with the following arguments: {'ament_cmake_args': None, 'build_base': '/home/abdullahemirkirecci/project_root/build/data_processor_pkg', 'catkin_cmake_args': None, 'catkin_skip_building_tests': False, 'cmake_args': None, 'cmake_clean_cache': False, 'cmake_clean_first': False, 'cmake_force_configure': False, 'cmake_target': None, 'cmake_target_skip_unavailable': False, 'install_base': '/home/abdullahemirkirecci/project_root/install/data_processor_pkg', 'merge_install': False, 'path': '/home/abdullahemirkirecci/project_root/src/data_processor_pkg', 'symlink_install': False, 'test_result_base': None}
[0.319s] Level 5:colcon.colcon_core.verb:set package 'my_project' build argument 'cmake_args' from command line to 'None'
[0.319s] Level 5:colcon.colcon_core.verb:set package 'my_project' build argument 'cmake_target' from command line to 'None'
[0.319s] Level 5:colcon.colcon_core.verb:set package 'my_project' build argument 'cmake_target_skip_unavailable' from command line to 'False'
[0.319s] Level 5:colcon.colcon_core.verb:set package 'my_project' build argument 'cmake_clean_cache' from command line to 'False'
[0.319s] Level 5:colcon.colcon_core.verb:set package 'my_project' build argument 'cmake_clean_first' from command line to 'False'
[0.319s] Level 5:colcon.colcon_core.verb:set package 'my_project' build argument 'cmake_force_configure' from command line to 'False'
[0.319s] Level 5:colcon.colcon_core.verb:set package 'my_project' build argument 'ament_cmake_args' from command line to 'None'
[0.319s] Level 5:colcon.colcon_core.verb:set package 'my_project' build argument 'catkin_cmake_args' from command line to 'None'
[0.319s] Level 5:colcon.colcon_core.verb:set package 'my_project' build argument 'catkin_skip_building_tests' from command line to 'False'
[0.319s] DEBUG:colcon.colcon_core.verb:Building package 'my_project' with the following arguments: {'ament_cmake_args': None, 'build_base': '/home/abdullahemirkirecci/project_root/build/my_project', 'catkin_cmake_args': None, 'catkin_skip_building_tests': False, 'cmake_args': None, 'cmake_clean_cache': False, 'cmake_clean_first': False, 'cmake_force_configure': False, 'cmake_target': None, 'cmake_target_skip_unavailable': False, 'install_base': '/home/abdullahemirkirecci/project_root/install/my_project', 'merge_install': False, 'path': '/home/abdullahemirkirecci/project_root/src/my_project', 'symlink_install': False, 'test_result_base': None}
[0.320s] Level 5:colcon.colcon_core.verb:set package 'sensor_publisher_pkg' build argument 'cmake_args' from command line to 'None'
[0.320s] Level 5:colcon.colcon_core.verb:set package 'sensor_publisher_pkg' build argument 'cmake_target' from command line to 'None'
[0.320s] Level 5:colcon.colcon_core.verb:set package 'sensor_publisher_pkg' build argument 'cmake_target_skip_unavailable' from command line to 'False'
[0.320s] Level 5:colcon.colcon_core.verb:set package 'sensor_publisher_pkg' build argument 'cmake_clean_cache' from command line to 'False'
[0.320s] Level 5:colcon.colcon_core.verb:set package 'sensor_publisher_pkg' build argument 'cmake_clean_first' from command line to 'False'
[0.320s] Level 5:colcon.colcon_core.verb:set package 'sensor_publisher_pkg' build argument 'cmake_force_configure' from command line to 'False'
[0.320s] Level 5:colcon.colcon_core.verb:set package 'sensor_publisher_pkg' build argument 'ament_cmake_args' from command line to 'None'
[0.320s] Level 5:colcon.colcon_core.verb:set package 'sensor_publisher_pkg' build argument 'catkin_cmake_args' from command line to 'None'
[0.320s] Level 5:colcon.colcon_core.verb:set package 'sensor_publisher_pkg' build argument 'catkin_skip_building_tests' from command line to 'False'
[0.320s] DEBUG:colcon.colcon_core.verb:Building package 'sensor_publisher_pkg' with the following arguments: {'ament_cmake_args': None, 'build_base': '/home/abdullahemirkirecci/project_root/build/sensor_publisher_pkg', 'catkin_cmake_args': None, 'catkin_skip_building_tests': False, 'cmake_args': None, 'cmake_clean_cache': False, 'cmake_clean_first': False, 'cmake_force_configure': False, 'cmake_target': None, 'cmake_target_skip_unavailable': False, 'install_base': '/home/abdullahemirkirecci/project_root/install/sensor_publisher_pkg', 'merge_install': False, 'path': '/home/abdullahemirkirecci/project_root/src/sensor_publisher_pkg', 'symlink_install': False, 'test_result_base': None}
[0.320s] INFO:colcon.colcon_core.executor:Executing jobs using 'parallel' executor
[0.321s] DEBUG:colcon.colcon_parallel_executor.executor.parallel:run_until_complete
[0.321s] INFO:colcon.colcon_ros.task.ament_cmake.build:Building ROS package in '/home/abdullahemirkirecci/project_root/src/command_server_pkg' with build type 'ament_cmake'
[0.321s] INFO:colcon.colcon_cmake.task.cmake.build:Building CMake package in '/home/abdullahemirkirecci/project_root/src/command_server_pkg'
[0.323s] INFO:colcon.colcon_core.plugin_system:Skipping extension 'colcon_core.shell.bat': Not used on non-Windows systems
[0.323s] INFO:colcon.colcon_core.shell:Skip shell extension 'powershell' for command environment: Not usable outside of PowerShell
[0.323s] DEBUG:colcon.colcon_core.shell:Skip shell extension 'dsv' for command environment
[0.327s] INFO:colcon.colcon_ros.task.ament_python.build:Building ROS package in '/home/abdullahemirkirecci/project_root/src/data_processor_pkg' with build type 'ament_python'
[0.327s] Level 1:colcon.colcon_core.shell:create_environment_hook('data_processor_pkg', 'ament_prefix_path')
[0.327s] INFO:colcon.colcon_core.shell:Creating environment hook '/home/abdullahemirkirecci/project_root/install/data_processor_pkg/share/data_processor_pkg/hook/ament_prefix_path.ps1'
[0.328s] INFO:colcon.colcon_core.shell:Creating environment descriptor '/home/abdullahemirkirecci/project_root/install/data_processor_pkg/share/data_processor_pkg/hook/ament_prefix_path.dsv'
[0.328s] INFO:colcon.colcon_core.shell:Creating environment hook '/home/abdullahemirkirecci/project_root/install/data_processor_pkg/share/data_processor_pkg/hook/ament_prefix_path.sh'
[0.329s] INFO:colcon.colcon_core.shell:Skip shell extension 'powershell' for command environment: Not usable outside of PowerShell
[0.329s] DEBUG:colcon.colcon_core.shell:Skip shell extension 'dsv' for command environment
[0.332s] INFO:colcon.colcon_ros.task.ament_cmake.build:Building ROS package in '/home/abdullahemirkirecci/project_root/src/my_project' with build type 'ament_cmake'
[0.332s] INFO:colcon.colcon_cmake.task.cmake.build:Building CMake package in '/home/abdullahemirkirecci/project_root/src/my_project'
[0.332s] INFO:colcon.colcon_core.shell:Skip shell extension 'powershell' for command environment: Not usable outside of PowerShell
[0.332s] DEBUG:colcon.colcon_core.shell:Skip shell extension 'dsv' for command environment
[0.336s] INFO:colcon.colcon_ros.task.ament_python.build:Building ROS package in '/home/abdullahemirkirecci/project_root/src/sensor_publisher_pkg' with build type 'ament_python'
[0.336s] Level 1:colcon.colcon_core.shell:create_environment_hook('sensor_publisher_pkg', 'ament_prefix_path')
[0.337s] INFO:colcon.colcon_core.shell:Creating environment hook '/home/abdullahemirkirecci/project_root/install/sensor_publisher_pkg/share/sensor_publisher_pkg/hook/ament_prefix_path.ps1'
[0.337s] INFO:colcon.colcon_core.shell:Creating environment descriptor '/home/abdullahemirkirecci/project_root/install/sensor_publisher_pkg/share/sensor_publisher_pkg/hook/ament_prefix_path.dsv'
[0.338s] INFO:colcon.colcon_core.shell:Creating environment hook '/home/abdullahemirkirecci/project_root/install/sensor_publisher_pkg/share/sensor_publisher_pkg/hook/ament_prefix_path.sh'
[0.338s] INFO:colcon.colcon_core.shell:Skip shell extension 'powershell' for command environment: Not usable outside of PowerShell
[0.338s] DEBUG:colcon.colcon_core.shell:Skip shell extension 'dsv' for command environment
[0.346s] DEBUG:colcon.colcon_core.event_handler.log_command:Invoking command in '/home/abdullahemirkirecci/project_root/build/command_server_pkg': CMAKE_PREFIX_PATH=${CMAKE_PREFIX_PATH}:/home/abdullahemirkirecci/project_root/install/sensor_publisher_pkg:/home/abdullahemirkirecci/project_root/install/data_processor_pkg:/opt/ros/humble /usr/bin/cmake --build /home/abdullahemirkirecci/project_root/build/command_server_pkg -- -j8 -l8
[0.601s] INFO:colcon.colcon_core.task.python.build:Building Python package in '/home/abdullahemirkirecci/project_root/src/data_processor_pkg'
[0.601s] INFO:colcon.colcon_core.shell:Skip shell extension 'powershell' for command environment: Not usable outside of PowerShell
[0.601s] DEBUG:colcon.colcon_core.shell:Skip shell extension 'dsv' for command environment
[0.609s] DEBUG:colcon.colcon_core.event_handler.log_command:Invoking command in '/home/abdullahemirkirecci/project_root/build/my_project': CMAKE_PREFIX_PATH=${CMAKE_PREFIX_PATH}:/home/abdullahemirkirecci/project_root/install/sensor_publisher_pkg:/home/abdullahemirkirecci/project_root/install/data_processor_pkg:/opt/ros/humble /usr/bin/cmake /home/abdullahemirkirecci/project_root/src/my_project -DCMAKE_INSTALL_PREFIX=/home/abdullahemirkirecci/project_root/install/my_project
[0.859s] INFO:colcon.colcon_core.task.python.build:Building Python package in '/home/abdullahemirkirecci/project_root/src/sensor_publisher_pkg'
[0.859s] INFO:colcon.colcon_core.shell:Skip shell extension 'powershell' for command environment: Not usable outside of PowerShell
[0.859s] DEBUG:colcon.colcon_core.shell:Skip shell extension 'dsv' for command environment
[0.866s] DEBUG:colcon.colcon_core.event_handler.log_command:Invoked command in '/home/abdullahemirkirecci/project_root/build/command_server_pkg' returned '0': CMAKE_PREFIX_PATH=${CMAKE_PREFIX_PATH}:/home/abdullahemirkirecci/project_root/install/sensor_publisher_pkg:/home/abdullahemirkirecci/project_root/install/data_processor_pkg:/opt/ros/humble /usr/bin/cmake --build /home/abdullahemirkirecci/project_root/build/command_server_pkg -- -j8 -l8
[0.873s] DEBUG:colcon.colcon_core.event_handler.log_command:Invoking command in '/home/abdullahemirkirecci/project_root/build/command_server_pkg': CMAKE_PREFIX_PATH=${CMAKE_PREFIX_PATH}:/home/abdullahemirkirecci/project_root/install/sensor_publisher_pkg:/home/abdullahemirkirecci/project_root/install/data_processor_pkg:/opt/ros/humble /usr/bin/cmake --install /home/abdullahemirkirecci/project_root/build/command_server_pkg
[0.930s] Level 1:colcon.colcon_core.environment:create_environment_scripts_only(command_server_pkg)
[0.931s] DEBUG:colcon.colcon_core.event_handler.log_command:Invoked command in '/home/abdullahemirkirecci/project_root/build/command_server_pkg' returned '0': CMAKE_PREFIX_PATH=${CMAKE_PREFIX_PATH}:/home/abdullahemirkirecci/project_root/install/sensor_publisher_pkg:/home/abdullahemirkirecci/project_root/install/data_processor_pkg:/opt/ros/humble /usr/bin/cmake --install /home/abdullahemirkirecci/project_root/build/command_server_pkg
[0.933s] Level 1:colcon.colcon_core.environment:checking '/home/abdullahemirkirecci/project_root/install/command_server_pkg' for CMake module files
[0.933s] Level 1:colcon.colcon_core.environment:checking '/home/abdullahemirkirecci/project_root/install/command_server_pkg' for CMake config files
[0.934s] Level 1:colcon.colcon_core.shell:create_environment_hook('command_server_pkg', 'cmake_prefix_path')
[0.934s] INFO:colcon.colcon_core.shell:Creating environment hook '/home/abdullahemirkirecci/project_root/install/command_server_pkg/share/command_server_pkg/hook/cmake_prefix_path.ps1'
[0.935s] INFO:colcon.colcon_core.shell:Creating environment descriptor '/home/abdullahemirkirecci/project_root/install/command_server_pkg/share/command_server_pkg/hook/cmake_prefix_path.dsv'
[0.935s] INFO:colcon.colcon_core.shell:Creating environment hook '/home/abdullahemirkirecci/project_root/install/command_server_pkg/share/command_server_pkg/hook/cmake_prefix_path.sh'
[0.936s] Level 1:colcon.colcon_core.environment:checking '/home/abdullahemirkirecci/project_root/install/command_server_pkg/lib'
[0.936s] Level 1:colcon.colcon_core.shell:create_environment_hook('command_server_pkg', 'ld_library_path_lib')
[0.936s] INFO:colcon.colcon_core.shell:Creating environment hook '/home/abdullahemirkirecci/project_root/install/command_server_pkg/share/command_server_pkg/hook/ld_library_path_lib.ps1'
[0.937s] INFO:colcon.colcon_core.shell:Creating environment descriptor '/home/abdullahemirkirecci/project_root/install/command_server_pkg/share/command_server_pkg/hook/ld_library_path_lib.dsv'
[0.937s] INFO:colcon.colcon_core.shell:Creating environment hook '/home/abdullahemirkirecci/project_root/install/command_server_pkg/share/command_server_pkg/hook/ld_library_path_lib.sh'
[0.938s] Level 1:colcon.colcon_core.environment:checking '/home/abdullahemirkirecci/project_root/install/command_server_pkg/bin'
[0.938s] Level 1:colcon.colcon_core.environment:checking '/home/abdullahemirkirecci/project_root/install/command_server_pkg/lib/pkgconfig/command_server_pkg.pc'
[0.938s] Level 1:colcon.colcon_core.environment:checking '/home/abdullahemirkirecci/project_root/install/command_server_pkg/lib/python3.10/site-packages'
[0.938s] Level 1:colcon.colcon_core.environment:checking '/home/abdullahemirkirecci/project_root/install/command_server_pkg/bin'
[0.939s] INFO:colcon.colcon_core.shell:Creating package script '/home/abdullahemirkirecci/project_root/install/command_server_pkg/share/command_server_pkg/package.ps1'
[0.940s] INFO:colcon.colcon_core.shell:Creating package descriptor '/home/abdullahemirkirecci/project_root/install/command_server_pkg/share/command_server_pkg/package.dsv'
[0.941s] INFO:colcon.colcon_core.shell:Creating package script '/home/abdullahemirkirecci/project_root/install/command_server_pkg/share/command_server_pkg/package.sh'
[0.941s] INFO:colcon.colcon_core.shell:Creating package script '/home/abdullahemirkirecci/project_root/install/command_server_pkg/share/command_server_pkg/package.bash'
[0.942s] INFO:colcon.colcon_core.shell:Creating package script '/home/abdullahemirkirecci/project_root/install/command_server_pkg/share/command_server_pkg/package.zsh'
[0.943s] Level 1:colcon.colcon_core.environment:create_file_with_runtime_dependencies(/home/abdullahemirkirecci/project_root/install/command_server_pkg/share/colcon-core/packages/command_server_pkg)
[0.944s] Level 1:colcon.colcon_core.environment:create_environment_scripts_only(command_server_pkg)
[0.944s] Level 1:colcon.colcon_core.environment:checking '/home/abdullahemirkirecci/project_root/install/command_server_pkg' for CMake module files
[0.944s] Level 1:colcon.colcon_core.environment:checking '/home/abdullahemirkirecci/project_root/install/command_server_pkg' for CMake config files
[0.945s] Level 1:colcon.colcon_core.shell:create_environment_hook('command_server_pkg', 'cmake_prefix_path')
[0.945s] INFO:colcon.colcon_core.shell:Creating environment hook '/home/abdullahemirkirecci/project_root/install/command_server_pkg/share/command_server_pkg/hook/cmake_prefix_path.ps1'
[0.946s] INFO:colcon.colcon_core.shell:Creating environment descriptor '/home/abdullahemirkirecci/project_root/install/command_server_pkg/share/command_server_pkg/hook/cmake_prefix_path.dsv'
[0.946s] INFO:colcon.colcon_core.shell:Creating environment hook '/home/abdullahemirkirecci/project_root/install/command_server_pkg/share/command_server_pkg/hook/cmake_prefix_path.sh'
[0.947s] Level 1:colcon.colcon_core.environment:checking '/home/abdullahemirkirecci/project_root/install/command_server_pkg/lib'
[0.947s] Level 1:colcon.colcon_core.shell:create_environment_hook('command_server_pkg', 'ld_library_path_lib')
[0.947s] INFO:colcon.colcon_core.shell:Creating environment hook '/home/abdullahemirkirecci/project_root/install/command_server_pkg/share/command_server_pkg/hook/ld_library_path_lib.ps1'
[0.947s] INFO:colcon.colcon_core.shell:Creating environment descriptor '/home/abdullahemirkirecci/project_root/install/command_server_pkg/share/command_server_pkg/hook/ld_library_path_lib.dsv'
[0.948s] INFO:colcon.colcon_core.shell:Creating environment hook '/home/abdullahemirkirecci/project_root/install/command_server_pkg/share/command_server_pkg/hook/ld_library_path_lib.sh'
[0.949s] Level 1:colcon.colcon_core.environment:checking '/home/abdullahemirkirecci/project_root/install/command_server_pkg/bin'
[0.949s] Level 1:colcon.colcon_core.environment:checking '/home/abdullahemirkirecci/project_root/install/command_server_pkg/lib/pkgconfig/command_server_pkg.pc'
[0.949s] Level 1:colcon.colcon_core.environment:checking '/home/abdullahemirkirecci/project_root/install/command_server_pkg/lib/python3.10/site-packages'
[0.950s] Level 1:colcon.colcon_core.environment:checking '/home/abdullahemirkirecci/project_root/install/command_server_pkg/bin'
[0.951s] INFO:colcon.colcon_core.shell:Creating package script '/home/abdullahemirkirecci/project_root/install/command_server_pkg/share/command_server_pkg/package.ps1'
[0.952s] INFO:colcon.colcon_core.shell:Creating package descriptor '/home/abdullahemirkirecci/project_root/install/command_server_pkg/share/command_server_pkg/package.dsv'
[0.952s] INFO:colcon.colcon_core.shell:Creating package script '/home/abdullahemirkirecci/project_root/install/command_server_pkg/share/command_server_pkg/package.sh'
[0.953s] INFO:colcon.colcon_core.shell:Creating package script '/home/abdullahemirkirecci/project_root/install/command_server_pkg/share/command_server_pkg/package.bash'
[0.953s] INFO:colcon.colcon_core.shell:Creating package script '/home/abdullahemirkirecci/project_root/install/command_server_pkg/share/command_server_pkg/package.zsh'
[0.954s] Level 1:colcon.colcon_core.environment:create_file_with_runtime_dependencies(/home/abdullahemirkirecci/project_root/install/command_server_pkg/share/colcon-core/packages/command_server_pkg)
[1.240s] DEBUG:colcon.colcon_core.event_handler.log_command:Invoking command in '/home/abdullahemirkirecci/project_root/src/sensor_publisher_pkg': PYTHONPATH=/home/abdullahemirkirecci/project_root/build/sensor_publisher_pkg/prefix_override:/usr/lib/python3/dist-packages/colcon_core/task/python/colcon_distutils_commands:/home/abdullahemirkirecci/project_root/install/sensor_publisher_pkg/lib/python3.10/site-packages:${PYTHONPATH} /usr/bin/python3 -W ignore:setup.py install is deprecated -W ignore:easy_install command is deprecated setup.py egg_info --egg-base ../../build/sensor_publisher_pkg build --build-base /home/abdullahemirkirecci/project_root/build/sensor_publisher_pkg/build install --record /home/abdullahemirkirecci/project_root/build/sensor_publisher_pkg/install.log --install-scripts $base/lib/sensor_publisher_pkg --single-version-externally-managed install_data
[1.245s] DEBUG:colcon.colcon_core.event_handler.log_command:Invoking command in '/home/abdullahemirkirecci/project_root/src/data_processor_pkg': PYTHONPATH=/home/abdullahemirkirecci/project_root/build/data_processor_pkg/prefix_override:/usr/lib/python3/dist-packages/colcon_core/task/python/colcon_distutils_commands:/home/abdullahemirkirecci/project_root/install/data_processor_pkg/lib/python3.10/site-packages:${PYTHONPATH} /usr/bin/python3 -W ignore:setup.py install is deprecated -W ignore:easy_install command is deprecated setup.py egg_info --egg-base ../../build/data_processor_pkg build --build-base /home/abdullahemirkirecci/project_root/build/data_processor_pkg/build install --record /home/abdullahemirkirecci/project_root/build/data_processor_pkg/install.log --single-version-externally-managed install_data
[1.326s] DEBUG:colcon.colcon_core.event_handler.log_command:Invoked command in '/home/abdullahemirkirecci/project_root/build/my_project' returned '0': CMAKE_PREFIX_PATH=${CMAKE_PREFIX_PATH}:/home/abdullahemirkirecci/project_root/install/sensor_publisher_pkg:/home/abdullahemirkirecci/project_root/install/data_processor_pkg:/opt/ros/humble /usr/bin/cmake /home/abdullahemirkirecci/project_root/src/my_project -DCMAKE_INSTALL_PREFIX=/home/abdullahemirkirecci/project_root/install/my_project
[1.328s] DEBUG:colcon.colcon_core.event_handler.log_command:Invoking command in '/home/abdullahemirkirecci/project_root/build/my_project': CMAKE_PREFIX_PATH=${CMAKE_PREFIX_PATH}:/home/abdullahemirkirecci/project_root/install/sensor_publisher_pkg:/home/abdullahemirkirecci/project_root/install/data_processor_pkg:/opt/ros/humble /usr/bin/cmake --build /home/abdullahemirkirecci/project_root/build/my_project -- -j8 -l8
[1.354s] DEBUG:colcon.colcon_core.event_handler.log_command:Invoked command in '/home/abdullahemirkirecci/project_root/build/my_project' returned '0': CMAKE_PREFIX_PATH=${CMAKE_PREFIX_PATH}:/home/abdullahemirkirecci/project_root/install/sensor_publisher_pkg:/home/abdullahemirkirecci/project_root/install/data_processor_pkg:/opt/ros/humble /usr/bin/cmake --build /home/abdullahemirkirecci/project_root/build/my_project -- -j8 -l8
[1.356s] DEBUG:colcon.colcon_core.event_handler.log_command:Invoking command in '/home/abdullahemirkirecci/project_root/build/my_project': CMAKE_PREFIX_PATH=${CMAKE_PREFIX_PATH}:/home/abdullahemirkirecci/project_root/install/sensor_publisher_pkg:/home/abdullahemirkirecci/project_root/install/data_processor_pkg:/opt/ros/humble /usr/bin/cmake --install /home/abdullahemirkirecci/project_root/build/my_project
[1.365s] Level 1:colcon.colcon_core.environment:create_environment_scripts_only(my_project)
[1.365s] Level 1:colcon.colcon_core.environment:checking '/home/abdullahemirkirecci/project_root/install/my_project' for CMake module files
[1.366s] DEBUG:colcon.colcon_core.event_handler.log_command:Invoked command in '/home/abdullahemirkirecci/project_root/build/my_project' returned '0': CMAKE_PREFIX_PATH=${CMAKE_PREFIX_PATH}:/home/abdullahemirkirecci/project_root/install/sensor_publisher_pkg:/home/abdullahemirkirecci/project_root/install/data_processor_pkg:/opt/ros/humble /usr/bin/cmake --install /home/abdullahemirkirecci/project_root/build/my_project
[1.367s] Level 1:colcon.colcon_core.environment:checking '/home/abdullahemirkirecci/project_root/install/my_project' for CMake config files
[1.368s] Level 1:colcon.colcon_core.shell:create_environment_hook('my_project', 'cmake_prefix_path')
[1.368s] INFO:colcon.colcon_core.shell:Creating environment hook '/home/abdullahemirkirecci/project_root/install/my_project/share/my_project/hook/cmake_prefix_path.ps1'
[1.369s] INFO:colcon.colcon_core.shell:Creating environment descriptor '/home/abdullahemirkirecci/project_root/install/my_project/share/my_project/hook/cmake_prefix_path.dsv'
[1.369s] INFO:colcon.colcon_core.shell:Creating environment hook '/home/abdullahemirkirecci/project_root/install/my_project/share/my_project/hook/cmake_prefix_path.sh'
[1.370s] Level 1:colcon.colcon_core.environment:checking '/home/abdullahemirkirecci/project_root/install/my_project/bin'
[1.370s] Level 1:colcon.colcon_core.environment:checking '/home/abdullahemirkirecci/project_root/install/my_project/lib/pkgconfig/my_project.pc'
[1.371s] Level 1:colcon.colcon_core.environment:checking '/home/abdullahemirkirecci/project_root/install/my_project/lib/python3.10/site-packages'
[1.371s] Level 1:colcon.colcon_core.environment:checking '/home/abdullahemirkirecci/project_root/install/my_project/bin'
[1.371s] INFO:colcon.colcon_core.shell:Creating package script '/home/abdullahemirkirecci/project_root/install/my_project/share/my_project/package.ps1'
[1.372s] INFO:colcon.colcon_core.shell:Creating package descriptor '/home/abdullahemirkirecci/project_root/install/my_project/share/my_project/package.dsv'
[1.373s] INFO:colcon.colcon_core.shell:Creating package script '/home/abdullahemirkirecci/project_root/install/my_project/share/my_project/package.sh'
[1.373s] INFO:colcon.colcon_core.shell:Creating package script '/home/abdullahemirkirecci/project_root/install/my_project/share/my_project/package.bash'
[1.374s] INFO:colcon.colcon_core.shell:Creating package script '/home/abdullahemirkirecci/project_root/install/my_project/share/my_project/package.zsh'
[1.374s] Level 1:colcon.colcon_core.environment:create_file_with_runtime_dependencies(/home/abdullahemirkirecci/project_root/install/my_project/share/colcon-core/packages/my_project)
[1.375s] Level 1:colcon.colcon_core.environment:create_environment_scripts_only(my_project)
[1.375s] Level 1:colcon.colcon_core.environment:checking '/home/abdullahemirkirecci/project_root/install/my_project' for CMake module files
[1.376s] Level 1:colcon.colcon_core.environment:checking '/home/abdullahemirkirecci/project_root/install/my_project' for CMake config files
[1.376s] Level 1:colcon.colcon_core.shell:create_environment_hook('my_project', 'cmake_prefix_path')
[1.376s] INFO:colcon.colcon_core.shell:Creating environment hook '/home/abdullahemirkirecci/project_root/install/my_project/share/my_project/hook/cmake_prefix_path.ps1'
[1.377s] INFO:colcon.colcon_core.shell:Creating environment descriptor '/home/abdullahemirkirecci/project_root/install/my_project/share/my_project/hook/cmake_prefix_path.dsv'
[1.378s] INFO:colcon.colcon_core.shell:Creating environment hook '/home/abdullahemirkirecci/project_root/install/my_project/share/my_project/hook/cmake_prefix_path.sh'
[1.379s] Level 1:colcon.colcon_core.environment:checking '/home/abdullahemirkirecci/project_root/install/my_project/bin'
[1.379s] Level 1:colcon.colcon_core.environment:checking '/home/abdullahemirkirecci/project_root/install/my_project/lib/pkgconfig/my_project.pc'
[1.379s] Level 1:colcon.colcon_core.environment:checking '/home/abdullahemirkirecci/project_root/install/my_project/lib/python3.10/site-packages'
[1.380s] Level 1:colcon.colcon_core.environment:checking '/home/abdullahemirkirecci/project_root/install/my_project/bin'
[1.380s] INFO:colcon.colcon_core.shell:Creating package script '/home/abdullahemirkirecci/project_root/install/my_project/share/my_project/package.ps1'
[1.381s] INFO:colcon.colcon_core.shell:Creating package descriptor '/home/abdullahemirkirecci/project_root/install/my_project/share/my_project/package.dsv'
[1.383s] INFO:colcon.colcon_core.shell:Creating package script '/home/abdullahemirkirecci/project_root/install/my_project/share/my_project/package.sh'
[1.383s] INFO:colcon.colcon_core.shell:Creating package script '/home/abdullahemirkirecci/project_root/install/my_project/share/my_project/package.bash'
[1.384s] INFO:colcon.colcon_core.shell:Creating package script '/home/abdullahemirkirecci/project_root/install/my_project/share/my_project/package.zsh'
[1.385s] Level 1:colcon.colcon_core.environment:create_file_with_runtime_dependencies(/home/abdullahemirkirecci/project_root/install/my_project/share/colcon-core/packages/my_project)
[1.580s] Level 1:colcon.colcon_core.environment:checking '/home/abdullahemirkirecci/project_root/install/data_processor_pkg' for CMake module files
[1.581s] DEBUG:colcon.colcon_core.event_handler.log_command:Invoked command in '/home/abdullahemirkirecci/project_root/src/data_processor_pkg' returned '0': PYTHONPATH=/home/abdullahemirkirecci/project_root/build/data_processor_pkg/prefix_override:/usr/lib/python3/dist-packages/colcon_core/task/python/colcon_distutils_commands:/home/abdullahemirkirecci/project_root/install/data_processor_pkg/lib/python3.10/site-packages:${PYTHONPATH} /usr/bin/python3 -W ignore:setup.py install is deprecated -W ignore:easy_install command is deprecated setup.py egg_info --egg-base ../../build/data_processor_pkg build --build-base /home/abdullahemirkirecci/project_root/build/data_processor_pkg/build install --record /home/abdullahemirkirecci/project_root/build/data_processor_pkg/install.log --single-version-externally-managed install_data
[1.582s] Level 1:colcon.colcon_core.environment:checking '/home/abdullahemirkirecci/project_root/install/data_processor_pkg' for CMake config files
[1.582s] Level 1:colcon.colcon_core.environment:checking '/home/abdullahemirkirecci/project_root/install/data_processor_pkg/lib'
[1.582s] Level 1:colcon.colcon_core.environment:checking '/home/abdullahemirkirecci/project_root/install/data_processor_pkg/bin'
[1.582s] Level 1:colcon.colcon_core.environment:checking '/home/abdullahemirkirecci/project_root/install/data_processor_pkg/lib/pkgconfig/data_processor_pkg.pc'
[1.583s] Level 1:colcon.colcon_core.environment:checking '/home/abdullahemirkirecci/project_root/install/data_processor_pkg/lib/python3.10/site-packages'
[1.583s] Level 1:colcon.colcon_core.shell:create_environment_hook('data_processor_pkg', 'pythonpath')
[1.583s] INFO:colcon.colcon_core.shell:Creating environment hook '/home/abdullahemirkirecci/project_root/install/data_processor_pkg/share/data_processor_pkg/hook/pythonpath.ps1'
[1.584s] INFO:colcon.colcon_core.shell:Creating environment descriptor '/home/abdullahemirkirecci/project_root/install/data_processor_pkg/share/data_processor_pkg/hook/pythonpath.dsv'
[1.584s] INFO:colcon.colcon_core.shell:Creating environment hook '/home/abdullahemirkirecci/project_root/install/data_processor_pkg/share/data_processor_pkg/hook/pythonpath.sh'
[1.585s] Level 1:colcon.colcon_core.environment:checking '/home/abdullahemirkirecci/project_root/install/data_processor_pkg/bin'
[1.585s] Level 1:colcon.colcon_core.environment:create_environment_scripts_only(data_processor_pkg)
[1.585s] INFO:colcon.colcon_core.shell:Creating package script '/home/abdullahemirkirecci/project_root/install/data_processor_pkg/share/data_processor_pkg/package.ps1'
[1.586s] INFO:colcon.colcon_core.shell:Creating package descriptor '/home/abdullahemirkirecci/project_root/install/data_processor_pkg/share/data_processor_pkg/package.dsv'
[1.586s] INFO:colcon.colcon_core.shell:Creating package script '/home/abdullahemirkirecci/project_root/install/data_processor_pkg/share/data_processor_pkg/package.sh'
[1.586s] INFO:colcon.colcon_core.shell:Creating package script '/home/abdullahemirkirecci/project_root/install/data_processor_pkg/share/data_processor_pkg/package.bash'
[1.587s] INFO:colcon.colcon_core.shell:Creating package script '/home/abdullahemirkirecci/project_root/install/data_processor_pkg/share/data_processor_pkg/package.zsh'
[1.587s] Level 1:colcon.colcon_core.environment:create_file_with_runtime_dependencies(/home/abdullahemirkirecci/project_root/install/data_processor_pkg/share/colcon-core/packages/data_processor_pkg)
[1.588s] Level 1:colcon.colcon_core.environment:checking '/home/abdullahemirkirecci/project_root/install/sensor_publisher_pkg' for CMake module files
[1.589s] Level 1:colcon.colcon_core.environment:checking '/home/abdullahemirkirecci/project_root/install/sensor_publisher_pkg' for CMake config files
[1.589s] DEBUG:colcon.colcon_core.event_handler.log_command:Invoked command in '/home/abdullahemirkirecci/project_root/src/sensor_publisher_pkg' returned '0': PYTHONPATH=/home/abdullahemirkirecci/project_root/build/sensor_publisher_pkg/prefix_override:/usr/lib/python3/dist-packages/colcon_core/task/python/colcon_distutils_commands:/home/abdullahemirkirecci/project_root/install/sensor_publisher_pkg/lib/python3.10/site-packages:${PYTHONPATH} /usr/bin/python3 -W ignore:setup.py install is deprecated -W ignore:easy_install command is deprecated setup.py egg_info --egg-base ../../build/sensor_publisher_pkg build --build-base /home/abdullahemirkirecci/project_root/build/sensor_publisher_pkg/build install --record /home/abdullahemirkirecci/project_root/build/sensor_publisher_pkg/install.log --install-scripts $base/lib/sensor_publisher_pkg --single-version-externally-managed install_data
[1.589s] Level 1:colcon.colcon_core.environment:checking '/home/abdullahemirkirecci/project_root/install/sensor_publisher_pkg/lib'
[1.589s] Level 1:colcon.colcon_core.environment:checking '/home/abdullahemirkirecci/project_root/install/sensor_publisher_pkg/bin'
[1.589s] Level 1:colcon.colcon_core.environment:checking '/home/abdullahemirkirecci/project_root/install/sensor_publisher_pkg/lib/pkgconfig/sensor_publisher_pkg.pc'
[1.590s] Level 1:colcon.colcon_core.environment:checking '/home/abdullahemirkirecci/project_root/install/sensor_publisher_pkg/lib/python3.10/site-packages'
[1.590s] Level 1:colcon.colcon_core.shell:create_environment_hook('sensor_publisher_pkg', 'pythonpath')
[1.590s] INFO:colcon.colcon_core.shell:Creating environment hook '/home/abdullahemirkirecci/project_root/install/sensor_publisher_pkg/share/sensor_publisher_pkg/hook/pythonpath.ps1'
[1.590s] INFO:colcon.colcon_core.shell:Creating environment descriptor '/home/abdullahemirkirecci/project_root/install/sensor_publisher_pkg/share/sensor_publisher_pkg/hook/pythonpath.dsv'
[1.591s] INFO:colcon.colcon_core.shell:Creating environment hook '/home/abdullahemirkirecci/project_root/install/sensor_publisher_pkg/share/sensor_publisher_pkg/hook/pythonpath.sh'
[1.591s] Level 1:colcon.colcon_core.environment:checking '/home/abdullahemirkirecci/project_root/install/sensor_publisher_pkg/bin'
[1.591s] Level 1:colcon.colcon_core.environment:create_environment_scripts_only(sensor_publisher_pkg)
[1.592s] INFO:colcon.colcon_core.shell:Creating package script '/home/abdullahemirkirecci/project_root/install/sensor_publisher_pkg/share/sensor_publisher_pkg/package.ps1'
[1.592s] INFO:colcon.colcon_core.shell:Creating package descriptor '/home/abdullahemirkirecci/project_root/install/sensor_publisher_pkg/share/sensor_publisher_pkg/package.dsv'
[1.592s] INFO:colcon.colcon_core.shell:Creating package script '/home/abdullahemirkirecci/project_root/install/sensor_publisher_pkg/share/sensor_publisher_pkg/package.sh'
[1.593s] INFO:colcon.colcon_core.shell:Creating package script '/home/abdullahemirkirecci/project_root/install/sensor_publisher_pkg/share/sensor_publisher_pkg/package.bash'
[1.593s] INFO:colcon.colcon_core.shell:Creating package script '/home/abdullahemirkirecci/project_root/install/sensor_publisher_pkg/share/sensor_publisher_pkg/package.zsh'
[1.593s] Level 1:colcon.colcon_core.environment:create_file_with_runtime_dependencies(/home/abdullahemirkirecci/project_root/install/sensor_publisher_pkg/share/colcon-core/packages/sensor_publisher_pkg)
[1.593s] DEBUG:colcon.colcon_parallel_executor.executor.parallel:closing loop
[1.594s] DEBUG:colcon.colcon_parallel_executor.executor.parallel:loop closed
[1.594s] DEBUG:colcon.colcon_parallel_executor.executor.parallel:run_until_complete finished with '0'
[1.594s] DEBUG:colcon.colcon_core.event_reactor:joining thread
[1.601s] INFO:colcon.colcon_core.plugin_system:Skipping extension 'colcon_notification.desktop_notification.terminal_notifier': Not used on non-Darwin systems
[1.601s] INFO:colcon.colcon_core.plugin_system:Skipping extension 'colcon_notification.desktop_notification.win32': Not used on non-Windows systems
[1.601s] INFO:colcon.colcon_notification.desktop_notification:Sending desktop notification using 'notify2'
[1.623s] DEBUG:colcon.colcon_core.event_reactor:joined thread
[1.623s] INFO:colcon.colcon_core.shell:Creating prefix script '/home/abdullahemirkirecci/project_root/install/local_setup.ps1'
[1.625s] INFO:colcon.colcon_core.shell:Creating prefix util module '/home/abdullahemirkirecci/project_root/install/_local_setup_util_ps1.py'
[1.629s] INFO:colcon.colcon_core.shell:Creating prefix chain script '/home/abdullahemirkirecci/project_root/install/setup.ps1'
[1.632s] INFO:colcon.colcon_core.shell:Creating prefix script '/home/abdullahemirkirecci/project_root/install/local_setup.sh'
[1.633s] INFO:colcon.colcon_core.shell:Creating prefix util module '/home/abdullahemirkirecci/project_root/install/_local_setup_util_sh.py'
[1.635s] INFO:colcon.colcon_core.shell:Creating prefix chain script '/home/abdullahemirkirecci/project_root/install/setup.sh'
[1.637s] INFO:colcon.colcon_core.shell:Creating prefix script '/home/abdullahemirkirecci/project_root/install/local_setup.bash'
[1.638s] INFO:colcon.colcon_core.shell:Creating prefix chain script '/home/abdullahemirkirecci/project_root/install/setup.bash'
[1.641s] INFO:colcon.colcon_core.shell:Creating prefix script '/home/abdullahemirkirecci/project_root/install/local_setup.zsh'
[1.643s] INFO:colcon.colcon_core.shell:Creating prefix chain script '/home/abdullahemirkirecci/project_root/install/setup.zsh'
