[0.024s] Invoking command in '/home/abdullahemirkirecci/project_root/build/command_server_pkg': CMAKE_PREFIX_PATH=${CMAKE_PREFIX_PATH}:/home/abdullahemirkirecci/project_root/install/sensor_publisher_pkg:/home/abdullahemirkirecci/project_root/install/data_processor_pkg:/opt/ros/humble /usr/bin/cmake --build /home/abdullahemirkirecci/project_root/build/command_server_pkg -- -j8 -l8
[0.288s] [  9%] Built target command_server_pkg__cpp
[0.289s] [ 12%] Built target command_server_pkg__rosidl_generator_c
[0.289s] [ 12%] Built target ament_cmake_python_copy_command_server_pkg
[0.289s] [ 41%] Built target command_server_pkg__rosidl_typesupport_c
[0.289s] [ 41%] Built target command_server_pkg__rosidl_typesupport_introspection_c
[0.289s] [ 41%] Built target command_server_pkg__rosidl_typesupport_cpp
[0.289s] [ 70%] Built target command_server_pkg__rosidl_typesupport_fastrtps_cpp
[0.289s] [ 70%] Built target command_server_pkg__rosidl_typesupport_fastrtps_c
[0.289s] [ 70%] Built target command_server_pkg__rosidl_typesupport_introspection_cpp
[0.289s] [ 70%] Built target command_server_pkg
[0.289s] [ 74%] Built target command_server_pkg__py
[0.289s] [ 80%] Built target command_server_pkg__rosidl_generator_py
[0.289s] [ 93%] Built target command_server_pkg__rosidl_typesupport_fastrtps_c__pyext
[0.289s] [ 93%] Built target command_server_pkg__rosidl_typesupport_c__pyext
[0.290s] [100%] Built target command_server_pkg__rosidl_typesupport_introspection_c__pyext
[0.290s] running egg_info
[0.290s] writing command_server_pkg.egg-info/PKG-INFO
[0.290s] writing dependency_links to command_server_pkg.egg-info/dependency_links.txt
[0.290s] writing top-level names to command_server_pkg.egg-info/top_level.txt
[0.290s] reading manifest file 'command_server_pkg.egg-info/SOURCES.txt'
[0.290s] writing manifest file 'command_server_pkg.egg-info/SOURCES.txt'
[0.325s] [100%] Built target ament_cmake_python_build_command_server_pkg_egg
[0.544s] Invoked command in '/home/abdullahemirkirecci/project_root/build/command_server_pkg' returned '0': CMAKE_PREFIX_PATH=${CMAKE_PREFIX_PATH}:/home/abdullahemirkirecci/project_root/install/sensor_publisher_pkg:/home/abdullahemirkirecci/project_root/install/data_processor_pkg:/opt/ros/humble /usr/bin/cmake --build /home/abdullahemirkirecci/project_root/build/command_server_pkg -- -j8 -l8
[0.551s] Invoking command in '/home/abdullahemirkirecci/project_root/build/command_server_pkg': CMAKE_PREFIX_PATH=${CMAKE_PREFIX_PATH}:/home/abdullahemirkirecci/project_root/install/sensor_publisher_pkg:/home/abdullahemirkirecci/project_root/install/data_processor_pkg:/opt/ros/humble /usr/bin/cmake --install /home/abdullahemirkirecci/project_root/build/command_server_pkg
[0.556s] -- Install configuration: ""
[0.556s] -- Up-to-date: /home/abdullahemirkirecci/project_root/install/command_server_pkg/share/ament_index/resource_index/rosidl_interfaces/command_server_pkg
[0.556s] -- Up-to-date: /home/abdullahemirkirecci/project_root/install/command_server_pkg/include/command_server_pkg/command_server_pkg
[0.557s] -- Up-to-date: /home/abdullahemirkirecci/project_root/install/command_server_pkg/include/command_server_pkg/command_server_pkg/msg
[0.557s] -- Up-to-date: /home/abdullahemirkirecci/project_root/install/command_server_pkg/include/command_server_pkg/command_server_pkg/msg/rosidl_generator_c__visibility_control.h
[0.557s] -- Up-to-date: /home/abdullahemirkirecci/project_root/install/command_server_pkg/include/command_server_pkg/command_server_pkg/srv
[0.557s] -- Up-to-date: /home/abdullahemirkirecci/project_root/install/command_server_pkg/include/command_server_pkg/command_server_pkg/srv/compute_command.h
[0.557s] -- Up-to-date: /home/abdullahemirkirecci/project_root/install/command_server_pkg/include/command_server_pkg/command_server_pkg/srv/detail
[0.557s] -- Up-to-date: /home/abdullahemirkirecci/project_root/install/command_server_pkg/include/command_server_pkg/command_server_pkg/srv/detail/compute_command__functions.h
[0.557s] -- Up-to-date: /home/abdullahemirkirecci/project_root/install/command_server_pkg/include/command_server_pkg/command_server_pkg/srv/detail/compute_command__functions.c
[0.557s] -- Up-to-date: /home/abdullahemirkirecci/project_root/install/command_server_pkg/include/command_server_pkg/command_server_pkg/srv/detail/compute_command__type_support.h
[0.557s] -- Up-to-date: /home/abdullahemirkirecci/project_root/install/command_server_pkg/include/command_server_pkg/command_server_pkg/srv/detail/compute_command__struct.h
[0.557s] -- Up-to-date: /home/abdullahemirkirecci/project_root/install/command_server_pkg/share/command_server_pkg/environment/library_path.sh
[0.558s] -- Up-to-date: /home/abdullahemirkirecci/project_root/install/command_server_pkg/share/command_server_pkg/environment/library_path.dsv
[0.558s] -- Up-to-date: /home/abdullahemirkirecci/project_root/install/command_server_pkg/lib/libcommand_server_pkg__rosidl_generator_c.so
[0.558s] -- Up-to-date: /home/abdullahemirkirecci/project_root/install/command_server_pkg/include/command_server_pkg/command_server_pkg
[0.558s] -- Up-to-date: /home/abdullahemirkirecci/project_root/install/command_server_pkg/include/command_server_pkg/command_server_pkg/msg
[0.558s] -- Up-to-date: /home/abdullahemirkirecci/project_root/install/command_server_pkg/include/command_server_pkg/command_server_pkg/msg/rosidl_typesupport_fastrtps_c__visibility_control.h
[0.558s] -- Up-to-date: /home/abdullahemirkirecci/project_root/install/command_server_pkg/include/command_server_pkg/command_server_pkg/srv
[0.558s] -- Up-to-date: /home/abdullahemirkirecci/project_root/install/command_server_pkg/include/command_server_pkg/command_server_pkg/srv/detail
[0.558s] -- Up-to-date: /home/abdullahemirkirecci/project_root/install/command_server_pkg/include/command_server_pkg/command_server_pkg/srv/detail/compute_command__rosidl_typesupport_fastrtps_c.h
[0.558s] -- Up-to-date: /home/abdullahemirkirecci/project_root/install/command_server_pkg/lib/libcommand_server_pkg__rosidl_typesupport_fastrtps_c.so
[0.558s] -- Up-to-date: /home/abdullahemirkirecci/project_root/install/command_server_pkg/include/command_server_pkg/command_server_pkg
[0.558s] -- Up-to-date: /home/abdullahemirkirecci/project_root/install/command_server_pkg/include/command_server_pkg/command_server_pkg/msg
[0.558s] -- Up-to-date: /home/abdullahemirkirecci/project_root/install/command_server_pkg/include/command_server_pkg/command_server_pkg/msg/rosidl_typesupport_introspection_c__visibility_control.h
[0.558s] -- Up-to-date: /home/abdullahemirkirecci/project_root/install/command_server_pkg/include/command_server_pkg/command_server_pkg/srv
[0.559s] -- Up-to-date: /home/abdullahemirkirecci/project_root/install/command_server_pkg/include/command_server_pkg/command_server_pkg/srv/detail
[0.559s] -- Up-to-date: /home/abdullahemirkirecci/project_root/install/command_server_pkg/include/command_server_pkg/command_server_pkg/srv/detail/compute_command__type_support.c
[0.559s] -- Up-to-date: /home/abdullahemirkirecci/project_root/install/command_server_pkg/include/command_server_pkg/command_server_pkg/srv/detail/compute_command__rosidl_typesupport_introspection_c.h
[0.559s] -- Up-to-date: /home/abdullahemirkirecci/project_root/install/command_server_pkg/lib/libcommand_server_pkg__rosidl_typesupport_introspection_c.so
[0.559s] -- Up-to-date: /home/abdullahemirkirecci/project_root/install/command_server_pkg/lib/libcommand_server_pkg__rosidl_typesupport_c.so
[0.559s] -- Up-to-date: /home/abdullahemirkirecci/project_root/install/command_server_pkg/include/command_server_pkg/command_server_pkg
[0.559s] -- Up-to-date: /home/abdullahemirkirecci/project_root/install/command_server_pkg/include/command_server_pkg/command_server_pkg/msg
[0.559s] -- Up-to-date: /home/abdullahemirkirecci/project_root/install/command_server_pkg/include/command_server_pkg/command_server_pkg/msg/rosidl_generator_cpp__visibility_control.hpp
[0.559s] -- Up-to-date: /home/abdullahemirkirecci/project_root/install/command_server_pkg/include/command_server_pkg/command_server_pkg/srv
[0.559s] -- Up-to-date: /home/abdullahemirkirecci/project_root/install/command_server_pkg/include/command_server_pkg/command_server_pkg/srv/compute_command.hpp
[0.560s] -- Up-to-date: /home/abdullahemirkirecci/project_root/install/command_server_pkg/include/command_server_pkg/command_server_pkg/srv/detail
[0.560s] -- Up-to-date: /home/abdullahemirkirecci/project_root/install/command_server_pkg/include/command_server_pkg/command_server_pkg/srv/detail/compute_command__builder.hpp
[0.560s] -- Up-to-date: /home/abdullahemirkirecci/project_root/install/command_server_pkg/include/command_server_pkg/command_server_pkg/srv/detail/compute_command__type_support.hpp
[0.560s] -- Up-to-date: /home/abdullahemirkirecci/project_root/install/command_server_pkg/include/command_server_pkg/command_server_pkg/srv/detail/compute_command__traits.hpp
[0.560s] -- Up-to-date: /home/abdullahemirkirecci/project_root/install/command_server_pkg/include/command_server_pkg/command_server_pkg/srv/detail/compute_command__struct.hpp
[0.560s] -- Up-to-date: /home/abdullahemirkirecci/project_root/install/command_server_pkg/include/command_server_pkg/command_server_pkg
[0.560s] -- Up-to-date: /home/abdullahemirkirecci/project_root/install/command_server_pkg/include/command_server_pkg/command_server_pkg/msg
[0.560s] -- Up-to-date: /home/abdullahemirkirecci/project_root/install/command_server_pkg/include/command_server_pkg/command_server_pkg/msg/rosidl_typesupport_fastrtps_cpp__visibility_control.h
[0.560s] -- Up-to-date: /home/abdullahemirkirecci/project_root/install/command_server_pkg/include/command_server_pkg/command_server_pkg/srv
[0.560s] -- Up-to-date: /home/abdullahemirkirecci/project_root/install/command_server_pkg/include/command_server_pkg/command_server_pkg/srv/detail
[0.560s] -- Up-to-date: /home/abdullahemirkirecci/project_root/install/command_server_pkg/include/command_server_pkg/command_server_pkg/srv/detail/dds_fastrtps
[0.560s] -- Up-to-date: /home/abdullahemirkirecci/project_root/install/command_server_pkg/include/command_server_pkg/command_server_pkg/srv/detail/compute_command__rosidl_typesupport_fastrtps_cpp.hpp
[0.560s] -- Up-to-date: /home/abdullahemirkirecci/project_root/install/command_server_pkg/lib/libcommand_server_pkg__rosidl_typesupport_fastrtps_cpp.so
[0.560s] -- Up-to-date: /home/abdullahemirkirecci/project_root/install/command_server_pkg/include/command_server_pkg/command_server_pkg
[0.561s] -- Up-to-date: /home/abdullahemirkirecci/project_root/install/command_server_pkg/include/command_server_pkg/command_server_pkg/srv
[0.561s] -- Up-to-date: /home/abdullahemirkirecci/project_root/install/command_server_pkg/include/command_server_pkg/command_server_pkg/srv/detail
[0.561s] -- Up-to-date: /home/abdullahemirkirecci/project_root/install/command_server_pkg/include/command_server_pkg/command_server_pkg/srv/detail/compute_command__type_support.cpp
[0.561s] -- Up-to-date: /home/abdullahemirkirecci/project_root/install/command_server_pkg/include/command_server_pkg/command_server_pkg/srv/detail/compute_command__rosidl_typesupport_introspection_cpp.hpp
[0.561s] -- Up-to-date: /home/abdullahemirkirecci/project_root/install/command_server_pkg/lib/libcommand_server_pkg__rosidl_typesupport_introspection_cpp.so
[0.561s] -- Up-to-date: /home/abdullahemirkirecci/project_root/install/command_server_pkg/lib/libcommand_server_pkg__rosidl_typesupport_cpp.so
[0.561s] -- Up-to-date: /home/abdullahemirkirecci/project_root/install/command_server_pkg/share/command_server_pkg/environment/pythonpath.sh
[0.561s] -- Up-to-date: /home/abdullahemirkirecci/project_root/install/command_server_pkg/share/command_server_pkg/environment/pythonpath.dsv
[0.561s] -- Up-to-date: /home/abdullahemirkirecci/project_root/install/command_server_pkg/local/lib/python3.10/dist-packages/command_server_pkg-0.0.0-py3.10.egg-info
[0.561s] -- Installing: /home/abdullahemirkirecci/project_root/install/command_server_pkg/local/lib/python3.10/dist-packages/command_server_pkg-0.0.0-py3.10.egg-info/top_level.txt
[0.561s] -- Installing: /home/abdullahemirkirecci/project_root/install/command_server_pkg/local/lib/python3.10/dist-packages/command_server_pkg-0.0.0-py3.10.egg-info/dependency_links.txt
[0.561s] -- Installing: /home/abdullahemirkirecci/project_root/install/command_server_pkg/local/lib/python3.10/dist-packages/command_server_pkg-0.0.0-py3.10.egg-info/PKG-INFO
[0.562s] -- Installing: /home/abdullahemirkirecci/project_root/install/command_server_pkg/local/lib/python3.10/dist-packages/command_server_pkg-0.0.0-py3.10.egg-info/SOURCES.txt
[0.562s] -- Up-to-date: /home/abdullahemirkirecci/project_root/install/command_server_pkg/local/lib/python3.10/dist-packages/command_server_pkg
[0.562s] -- Up-to-date: /home/abdullahemirkirecci/project_root/install/command_server_pkg/local/lib/python3.10/dist-packages/command_server_pkg/command_server_pkg_s__rosidl_typesupport_introspection_c.cpython-310-x86_64-linux-gnu.so
[0.562s] -- Up-to-date: /home/abdullahemirkirecci/project_root/install/command_server_pkg/local/lib/python3.10/dist-packages/command_server_pkg/command_server_pkg_s__rosidl_typesupport_c.cpython-310-x86_64-linux-gnu.so
[0.562s] -- Up-to-date: /home/abdullahemirkirecci/project_root/install/command_server_pkg/local/lib/python3.10/dist-packages/command_server_pkg/libcommand_server_pkg__rosidl_generator_py.so
[0.562s] -- Up-to-date: /home/abdullahemirkirecci/project_root/install/command_server_pkg/local/lib/python3.10/dist-packages/command_server_pkg/srv
[0.562s] -- Up-to-date: /home/abdullahemirkirecci/project_root/install/command_server_pkg/local/lib/python3.10/dist-packages/command_server_pkg/srv/_compute_command.py
[0.562s] -- Up-to-date: /home/abdullahemirkirecci/project_root/install/command_server_pkg/local/lib/python3.10/dist-packages/command_server_pkg/srv/_compute_command_s.c
[0.562s] -- Up-to-date: /home/abdullahemirkirecci/project_root/install/command_server_pkg/local/lib/python3.10/dist-packages/command_server_pkg/srv/__init__.py
[0.562s] -- Up-to-date: /home/abdullahemirkirecci/project_root/install/command_server_pkg/local/lib/python3.10/dist-packages/command_server_pkg/_command_server_pkg_s.ep.rosidl_typesupport_introspection_c.c
[0.562s] -- Up-to-date: /home/abdullahemirkirecci/project_root/install/command_server_pkg/local/lib/python3.10/dist-packages/command_server_pkg/command_server_pkg_s__rosidl_typesupport_fastrtps_c.cpython-310-x86_64-linux-gnu.so
[0.562s] -- Up-to-date: /home/abdullahemirkirecci/project_root/install/command_server_pkg/local/lib/python3.10/dist-packages/command_server_pkg/__init__.py
[0.563s] -- Up-to-date: /home/abdullahemirkirecci/project_root/install/command_server_pkg/local/lib/python3.10/dist-packages/command_server_pkg/_command_server_pkg_s.ep.rosidl_typesupport_c.c
[0.563s] -- Up-to-date: /home/abdullahemirkirecci/project_root/install/command_server_pkg/local/lib/python3.10/dist-packages/command_server_pkg/_command_server_pkg_s.ep.rosidl_typesupport_fastrtps_c.c
[0.594s] Listing '/home/abdullahemirkirecci/project_root/install/command_server_pkg/local/lib/python3.10/dist-packages/command_server_pkg'...
[0.594s] Listing '/home/abdullahemirkirecci/project_root/install/command_server_pkg/local/lib/python3.10/dist-packages/command_server_pkg/srv'...
[0.603s] -- Up-to-date: /home/abdullahemirkirecci/project_root/install/command_server_pkg/local/lib/python3.10/dist-packages/command_server_pkg/command_server_pkg_s__rosidl_typesupport_fastrtps_c.cpython-310-x86_64-linux-gnu.so
[0.603s] -- Up-to-date: /home/abdullahemirkirecci/project_root/install/command_server_pkg/local/lib/python3.10/dist-packages/command_server_pkg/command_server_pkg_s__rosidl_typesupport_introspection_c.cpython-310-x86_64-linux-gnu.so
[0.603s] -- Up-to-date: /home/abdullahemirkirecci/project_root/install/command_server_pkg/local/lib/python3.10/dist-packages/command_server_pkg/command_server_pkg_s__rosidl_typesupport_c.cpython-310-x86_64-linux-gnu.so
[0.604s] -- Up-to-date: /home/abdullahemirkirecci/project_root/install/command_server_pkg/lib/libcommand_server_pkg__rosidl_generator_py.so
[0.604s] -- Up-to-date: /home/abdullahemirkirecci/project_root/install/command_server_pkg/share/command_server_pkg/srv/ComputeCommand.idl
[0.604s] -- Up-to-date: /home/abdullahemirkirecci/project_root/install/command_server_pkg/share/command_server_pkg/srv/ComputeCommand.srv
[0.604s] -- Up-to-date: /home/abdullahemirkirecci/project_root/install/command_server_pkg/share/command_server_pkg/srv/ComputeCommand_Request.msg
[0.604s] -- Up-to-date: /home/abdullahemirkirecci/project_root/install/command_server_pkg/share/command_server_pkg/srv/ComputeCommand_Response.msg
[0.604s] -- Up-to-date: /home/abdullahemirkirecci/project_root/install/command_server_pkg/lib/command_server_pkg/command_server
[0.604s] -- Up-to-date: /home/abdullahemirkirecci/project_root/install/command_server_pkg/share/ament_index/resource_index/package_run_dependencies/command_server_pkg
[0.604s] -- Up-to-date: /home/abdullahemirkirecci/project_root/install/command_server_pkg/share/ament_index/resource_index/parent_prefix_path/command_server_pkg
[0.605s] -- Up-to-date: /home/abdullahemirkirecci/project_root/install/command_server_pkg/share/command_server_pkg/environment/ament_prefix_path.sh
[0.605s] -- Up-to-date: /home/abdullahemirkirecci/project_root/install/command_server_pkg/share/command_server_pkg/environment/ament_prefix_path.dsv
[0.605s] -- Up-to-date: /home/abdullahemirkirecci/project_root/install/command_server_pkg/share/command_server_pkg/environment/path.sh
[0.605s] -- Up-to-date: /home/abdullahemirkirecci/project_root/install/command_server_pkg/share/command_server_pkg/environment/path.dsv
[0.605s] -- Up-to-date: /home/abdullahemirkirecci/project_root/install/command_server_pkg/share/command_server_pkg/local_setup.bash
[0.605s] -- Up-to-date: /home/abdullahemirkirecci/project_root/install/command_server_pkg/share/command_server_pkg/local_setup.sh
[0.605s] -- Up-to-date: /home/abdullahemirkirecci/project_root/install/command_server_pkg/share/command_server_pkg/local_setup.zsh
[0.605s] -- Up-to-date: /home/abdullahemirkirecci/project_root/install/command_server_pkg/share/command_server_pkg/local_setup.dsv
[0.605s] -- Installing: /home/abdullahemirkirecci/project_root/install/command_server_pkg/share/command_server_pkg/package.dsv
[0.605s] -- Up-to-date: /home/abdullahemirkirecci/project_root/install/command_server_pkg/share/ament_index/resource_index/packages/command_server_pkg
[0.605s] -- Up-to-date: /home/abdullahemirkirecci/project_root/install/command_server_pkg/share/command_server_pkg/cmake/export_command_server_pkg__rosidl_generator_cExport.cmake
[0.605s] -- Up-to-date: /home/abdullahemirkirecci/project_root/install/command_server_pkg/share/command_server_pkg/cmake/export_command_server_pkg__rosidl_generator_cExport-noconfig.cmake
[0.606s] -- Up-to-date: /home/abdullahemirkirecci/project_root/install/command_server_pkg/share/command_server_pkg/cmake/export_command_server_pkg__rosidl_typesupport_fastrtps_cExport.cmake
[0.606s] -- Up-to-date: /home/abdullahemirkirecci/project_root/install/command_server_pkg/share/command_server_pkg/cmake/export_command_server_pkg__rosidl_typesupport_fastrtps_cExport-noconfig.cmake
[0.606s] -- Up-to-date: /home/abdullahemirkirecci/project_root/install/command_server_pkg/share/command_server_pkg/cmake/command_server_pkg__rosidl_typesupport_introspection_cExport.cmake
[0.606s] -- Up-to-date: /home/abdullahemirkirecci/project_root/install/command_server_pkg/share/command_server_pkg/cmake/command_server_pkg__rosidl_typesupport_introspection_cExport-noconfig.cmake
[0.606s] -- Up-to-date: /home/abdullahemirkirecci/project_root/install/command_server_pkg/share/command_server_pkg/cmake/command_server_pkg__rosidl_typesupport_cExport.cmake
[0.606s] -- Up-to-date: /home/abdullahemirkirecci/project_root/install/command_server_pkg/share/command_server_pkg/cmake/command_server_pkg__rosidl_typesupport_cExport-noconfig.cmake
[0.606s] -- Up-to-date: /home/abdullahemirkirecci/project_root/install/command_server_pkg/share/command_server_pkg/cmake/export_command_server_pkg__rosidl_generator_cppExport.cmake
[0.606s] -- Up-to-date: /home/abdullahemirkirecci/project_root/install/command_server_pkg/share/command_server_pkg/cmake/export_command_server_pkg__rosidl_typesupport_fastrtps_cppExport.cmake
[0.606s] -- Up-to-date: /home/abdullahemirkirecci/project_root/install/command_server_pkg/share/command_server_pkg/cmake/export_command_server_pkg__rosidl_typesupport_fastrtps_cppExport-noconfig.cmake
[0.606s] -- Up-to-date: /home/abdullahemirkirecci/project_root/install/command_server_pkg/share/command_server_pkg/cmake/command_server_pkg__rosidl_typesupport_introspection_cppExport.cmake
[0.606s] -- Up-to-date: /home/abdullahemirkirecci/project_root/install/command_server_pkg/share/command_server_pkg/cmake/command_server_pkg__rosidl_typesupport_introspection_cppExport-noconfig.cmake
[0.606s] -- Up-to-date: /home/abdullahemirkirecci/project_root/install/command_server_pkg/share/command_server_pkg/cmake/command_server_pkg__rosidl_typesupport_cppExport.cmake
[0.607s] -- Up-to-date: /home/abdullahemirkirecci/project_root/install/command_server_pkg/share/command_server_pkg/cmake/command_server_pkg__rosidl_typesupport_cppExport-noconfig.cmake
[0.607s] -- Up-to-date: /home/abdullahemirkirecci/project_root/install/command_server_pkg/share/command_server_pkg/cmake/export_command_server_pkg__rosidl_generator_pyExport.cmake
[0.607s] -- Up-to-date: /home/abdullahemirkirecci/project_root/install/command_server_pkg/share/command_server_pkg/cmake/export_command_server_pkg__rosidl_generator_pyExport-noconfig.cmake
[0.607s] -- Up-to-date: /home/abdullahemirkirecci/project_root/install/command_server_pkg/share/command_server_pkg/cmake/rosidl_cmake-extras.cmake
[0.607s] -- Up-to-date: /home/abdullahemirkirecci/project_root/install/command_server_pkg/share/command_server_pkg/cmake/ament_cmake_export_include_directories-extras.cmake
[0.607s] -- Up-to-date: /home/abdullahemirkirecci/project_root/install/command_server_pkg/share/command_server_pkg/cmake/ament_cmake_export_libraries-extras.cmake
[0.607s] -- Up-to-date: /home/abdullahemirkirecci/project_root/install/command_server_pkg/share/command_server_pkg/cmake/ament_cmake_export_targets-extras.cmake
[0.607s] -- Up-to-date: /home/abdullahemirkirecci/project_root/install/command_server_pkg/share/command_server_pkg/cmake/rosidl_cmake_export_typesupport_targets-extras.cmake
[0.607s] -- Up-to-date: /home/abdullahemirkirecci/project_root/install/command_server_pkg/share/command_server_pkg/cmake/ament_cmake_export_dependencies-extras.cmake
[0.607s] -- Up-to-date: /home/abdullahemirkirecci/project_root/install/command_server_pkg/share/command_server_pkg/cmake/rosidl_cmake_export_typesupport_libraries-extras.cmake
[0.607s] -- Up-to-date: /home/abdullahemirkirecci/project_root/install/command_server_pkg/share/command_server_pkg/cmake/command_server_pkgConfig.cmake
[0.607s] -- Up-to-date: /home/abdullahemirkirecci/project_root/install/command_server_pkg/share/command_server_pkg/cmake/command_server_pkgConfig-version.cmake
[0.607s] -- Up-to-date: /home/abdullahemirkirecci/project_root/install/command_server_pkg/share/command_server_pkg/package.xml
[0.609s] Invoked command in '/home/abdullahemirkirecci/project_root/build/command_server_pkg' returned '0': CMAKE_PREFIX_PATH=${CMAKE_PREFIX_PATH}:/home/abdullahemirkirecci/project_root/install/sensor_publisher_pkg:/home/abdullahemirkirecci/project_root/install/data_processor_pkg:/opt/ros/humble /usr/bin/cmake --install /home/abdullahemirkirecci/project_root/build/command_server_pkg
