[0.840s] Invoking command in '/home/abdullahemirkirecci/project_root/src/sensor_publisher_pkg': PYTHONPATH=/home/abdullahemirkirecci/project_root/build/sensor_publisher_pkg/prefix_override:/usr/lib/python3/dist-packages/colcon_core/task/python/colcon_distutils_commands:/home/abdullahemirkirecci/project_root/install/sensor_publisher_pkg/lib/python3.10/site-packages:${PYTHONPATH} /usr/bin/python3 -W ignore:setup.py install is deprecated -W ignore:easy_install command is deprecated setup.py egg_info --egg-base ../../build/sensor_publisher_pkg build --build-base /home/abdullahemirkirecci/project_root/build/sensor_publisher_pkg/build install --record /home/abdullahemirkirecci/project_root/build/sensor_publisher_pkg/install.log --install-scripts $base/lib/sensor_publisher_pkg --single-version-externally-managed install_data
[1.044s] /usr/lib/python3/dist-packages/setuptools/dist.py:723: UserWarning: Usage of dash-separated 'script-dir' will not be supported in future versions. Please use the underscore name 'script_dir' instead
[1.044s]   warnings.warn(
[1.053s] running egg_info
[1.054s] writing ../../build/sensor_publisher_pkg/sensor_publisher_pkg.egg-info/PKG-INFO
[1.054s] writing dependency_links to ../../build/sensor_publisher_pkg/sensor_publisher_pkg.egg-info/dependency_links.txt
[1.054s] writing entry points to ../../build/sensor_publisher_pkg/sensor_publisher_pkg.egg-info/entry_points.txt
[1.054s] writing requirements to ../../build/sensor_publisher_pkg/sensor_publisher_pkg.egg-info/requires.txt
[1.055s] writing top-level names to ../../build/sensor_publisher_pkg/sensor_publisher_pkg.egg-info/top_level.txt
[1.057s] reading manifest file '../../build/sensor_publisher_pkg/sensor_publisher_pkg.egg-info/SOURCES.txt'
[1.058s] writing manifest file '../../build/sensor_publisher_pkg/sensor_publisher_pkg.egg-info/SOURCES.txt'
[1.058s] running build
[1.058s] running build_py
[1.058s] running install
[1.058s] running install_lib
[1.061s] running install_data
[1.061s] running install_egg_info
[1.063s] removing '/home/abdullahemirkirecci/project_root/install/sensor_publisher_pkg/lib/python3.10/site-packages/sensor_publisher_pkg-0.0.1-py3.10.egg-info' (and everything under it)
[1.063s] Copying ../../build/sensor_publisher_pkg/sensor_publisher_pkg.egg-info to /home/abdullahemirkirecci/project_root/install/sensor_publisher_pkg/lib/python3.10/site-packages/sensor_publisher_pkg-0.0.1-py3.10.egg-info
[1.064s] running install_scripts
[1.084s] Installing sensor_publisher script to /home/abdullahemirkirecci/project_root/install/sensor_publisher_pkg/lib/sensor_publisher_pkg
[1.085s] writing list of installed files to '/home/abdullahemirkirecci/project_root/build/sensor_publisher_pkg/install.log'
[1.145s] Invoked command in '/home/abdullahemirkirecci/project_root/src/sensor_publisher_pkg' returned '0': PYTHONPATH=/home/abdullahemirkirecci/project_root/build/sensor_publisher_pkg/prefix_override:/usr/lib/python3/dist-packages/colcon_core/task/python/colcon_distutils_commands:/home/abdullahemirkirecci/project_root/install/sensor_publisher_pkg/lib/python3.10/site-packages:${PYTHONPATH} /usr/bin/python3 -W ignore:setup.py install is deprecated -W ignore:easy_install command is deprecated setup.py egg_info --egg-base ../../build/sensor_publisher_pkg build --build-base /home/abdullahemirkirecci/project_root/build/sensor_publisher_pkg/build install --record /home/abdullahemirkirecci/project_root/build/sensor_publisher_pkg/install.log --install-scripts $base/lib/sensor_publisher_pkg --single-version-externally-managed install_data
