[0.830s] Invoking command in '/home/abdullahemirkirecci/project_root/src/data_processor_pkg': PYTHONPATH=/home/abdullahemirkirecci/project_root/build/data_processor_pkg/prefix_override:/usr/lib/python3/dist-packages/colcon_core/task/python/colcon_distutils_commands:/home/abdullahemirkirecci/project_root/install/data_processor_pkg/lib/python3.10/site-packages:${PYTHONPATH} /usr/bin/python3 -W ignore:setup.py install is deprecated -W ignore:easy_install command is deprecated setup.py egg_info --egg-base ../../build/data_processor_pkg build --build-base /home/abdullahemirkirecci/project_root/build/data_processor_pkg/build install --record /home/abdullahemirkirecci/project_root/build/data_processor_pkg/install.log --single-version-externally-managed install_data
[1.032s] running egg_info
[1.033s] creating ../../build/data_processor_pkg/data_processor_pkg.egg-info
[1.033s] writing ../../build/data_processor_pkg/data_processor_pkg.egg-info/PKG-INFO
[1.033s] writing dependency_links to ../../build/data_processor_pkg/data_processor_pkg.egg-info/dependency_links.txt
[1.033s] writing entry points to ../../build/data_processor_pkg/data_processor_pkg.egg-info/entry_points.txt
[1.033s] writing requirements to ../../build/data_processor_pkg/data_processor_pkg.egg-info/requires.txt
[1.033s] writing top-level names to ../../build/data_processor_pkg/data_processor_pkg.egg-info/top_level.txt
[1.034s] writing manifest file '../../build/data_processor_pkg/data_processor_pkg.egg-info/SOURCES.txt'
[1.048s] reading manifest file '../../build/data_processor_pkg/data_processor_pkg.egg-info/SOURCES.txt'
[1.049s] writing manifest file '../../build/data_processor_pkg/data_processor_pkg.egg-info/SOURCES.txt'
[1.049s] running build
[1.049s] running build_py
[1.049s] creating /home/abdullahemirkirecci/project_root/build/data_processor_pkg/build
[1.050s] creating /home/abdullahemirkirecci/project_root/build/data_processor_pkg/build/lib
[1.050s] creating /home/abdullahemirkirecci/project_root/build/data_processor_pkg/build/lib/data_processor_pkg
[1.050s] copying data_processor_pkg/data_processor_node.py -> /home/abdullahemirkirecci/project_root/build/data_processor_pkg/build/lib/data_processor_pkg
[1.050s] copying data_processor_pkg/__init__.py -> /home/abdullahemirkirecci/project_root/build/data_processor_pkg/build/lib/data_processor_pkg
[1.050s] running install
[1.050s] running install_lib
[1.051s] creating /home/abdullahemirkirecci/project_root/install/data_processor_pkg/lib/python3.10/site-packages/data_processor_pkg
[1.051s] copying /home/abdullahemirkirecci/project_root/build/data_processor_pkg/build/lib/data_processor_pkg/data_processor_node.py -> /home/abdullahemirkirecci/project_root/install/data_processor_pkg/lib/python3.10/site-packages/data_processor_pkg
[1.051s] copying /home/abdullahemirkirecci/project_root/build/data_processor_pkg/build/lib/data_processor_pkg/__init__.py -> /home/abdullahemirkirecci/project_root/install/data_processor_pkg/lib/python3.10/site-packages/data_processor_pkg
[1.052s] byte-compiling /home/abdullahemirkirecci/project_root/install/data_processor_pkg/lib/python3.10/site-packages/data_processor_pkg/data_processor_node.py to data_processor_node.cpython-310.pyc
[1.053s] byte-compiling /home/abdullahemirkirecci/project_root/install/data_processor_pkg/lib/python3.10/site-packages/data_processor_pkg/__init__.py to __init__.cpython-310.pyc
[1.053s] running install_data
[1.053s] creating /home/abdullahemirkirecci/project_root/install/data_processor_pkg/share/ament_index
[1.053s] creating /home/abdullahemirkirecci/project_root/install/data_processor_pkg/share/ament_index/resource_index
[1.053s] creating /home/abdullahemirkirecci/project_root/install/data_processor_pkg/share/ament_index/resource_index/packages
[1.053s] copying resource/data_processor_pkg -> /home/abdullahemirkirecci/project_root/install/data_processor_pkg/share/ament_index/resource_index/packages
[1.053s] copying package.xml -> /home/abdullahemirkirecci/project_root/install/data_processor_pkg/share/data_processor_pkg
[1.053s] running install_egg_info
[1.056s] Copying ../../build/data_processor_pkg/data_processor_pkg.egg-info to /home/abdullahemirkirecci/project_root/install/data_processor_pkg/lib/python3.10/site-packages/data_processor_pkg-0.0.0-py3.10.egg-info
[1.057s] running install_scripts
[1.076s] Installing data_processor script to /home/abdullahemirkirecci/project_root/install/data_processor_pkg/lib/data_processor_pkg
[1.076s] writing list of installed files to '/home/abdullahemirkirecci/project_root/build/data_processor_pkg/install.log'
[1.122s] Invoked command in '/home/abdullahemirkirecci/project_root/src/data_processor_pkg' returned '0': PYTHONPATH=/home/abdullahemirkirecci/project_root/build/data_processor_pkg/prefix_override:/usr/lib/python3/dist-packages/colcon_core/task/python/colcon_distutils_commands:/home/abdullahemirkirecci/project_root/install/data_processor_pkg/lib/python3.10/site-packages:${PYTHONPATH} /usr/bin/python3 -W ignore:setup.py install is deprecated -W ignore:easy_install command is deprecated setup.py egg_info --egg-base ../../build/data_processor_pkg build --build-base /home/abdullahemirkirecci/project_root/build/data_processor_pkg/build install --record /home/abdullahemirkirecci/project_root/build/data_processor_pkg/install.log --single-version-externally-managed install_data
