[0.835s] Invoking command in '/home/abdullahemirkirecci/project_root/src/data_processor_pkg': PYTHONPATH=/home/abdullahemirkirecci/project_root/build/data_processor_pkg/prefix_override:/usr/lib/python3/dist-packages/colcon_core/task/python/colcon_distutils_commands:/home/abdullahemirkirecci/project_root/install/data_processor_pkg/lib/python3.10/site-packages:${PYTHONPATH} /usr/bin/python3 -W ignore:setup.py install is deprecated -W ignore:easy_install command is deprecated setup.py egg_info --egg-base ../../build/data_processor_pkg build --build-base /home/abdullahemirkirecci/project_root/build/data_processor_pkg/build install --record /home/abdullahemirkirecci/project_root/build/data_processor_pkg/install.log --single-version-externally-managed install_data
[1.052s] running egg_info
[1.055s] writing ../../build/data_processor_pkg/data_processor_pkg.egg-info/PKG-INFO
[1.055s] writing dependency_links to ../../build/data_processor_pkg/data_processor_pkg.egg-info/dependency_links.txt
[1.055s] writing entry points to ../../build/data_processor_pkg/data_processor_pkg.egg-info/entry_points.txt
[1.055s] writing requirements to ../../build/data_processor_pkg/data_processor_pkg.egg-info/requires.txt
[1.055s] writing top-level names to ../../build/data_processor_pkg/data_processor_pkg.egg-info/top_level.txt
[1.057s] reading manifest file '../../build/data_processor_pkg/data_processor_pkg.egg-info/SOURCES.txt'
[1.058s] writing manifest file '../../build/data_processor_pkg/data_processor_pkg.egg-info/SOURCES.txt'
[1.058s] running build
[1.058s] running build_py
[1.058s] running install
[1.059s] running install_lib
[1.061s] running install_data
[1.061s] running install_egg_info
[1.064s] removing '/home/abdullahemirkirecci/project_root/install/data_processor_pkg/lib/python3.10/site-packages/data_processor_pkg-0.0.0-py3.10.egg-info' (and everything under it)
[1.064s] Copying ../../build/data_processor_pkg/data_processor_pkg.egg-info to /home/abdullahemirkirecci/project_root/install/data_processor_pkg/lib/python3.10/site-packages/data_processor_pkg-0.0.0-py3.10.egg-info
[1.065s] running install_scripts
[1.086s] Installing data_processor script to /home/abdullahemirkirecci/project_root/install/data_processor_pkg/lib/data_processor_pkg
[1.087s] writing list of installed files to '/home/abdullahemirkirecci/project_root/build/data_processor_pkg/install.log'
[1.143s] Invoked command in '/home/abdullahemirkirecci/project_root/src/data_processor_pkg' returned '0': PYTHONPATH=/home/abdullahemirkirecci/project_root/build/data_processor_pkg/prefix_override:/usr/lib/python3/dist-packages/colcon_core/task/python/colcon_distutils_commands:/home/abdullahemirkirecci/project_root/install/data_processor_pkg/lib/python3.10/site-packages:${PYTHONPATH} /usr/bin/python3 -W ignore:setup.py install is deprecated -W ignore:easy_install command is deprecated setup.py egg_info --egg-base ../../build/data_processor_pkg build --build-base /home/abdullahemirkirecci/project_root/build/data_processor_pkg/build install --record /home/abdullahemirkirecci/project_root/build/data_processor_pkg/install.log --single-version-externally-managed install_data
