[0mCMake Deprecation Warning at CMakeLists.txt:1 (cmake_minimum_required):
  Compatibility with CMake < 3.10 will be removed from a future version of
  CMake.

  Update the VERSION argument <min> value.  Or, use the <min>...<max> syntax
  to tell CMake that the project requires at least <min> but has been updated
  to work with policies introduced by <max> or earlier.

[0m
-- The C compiler identification is GNU 11.4.0
-- The CXX compiler identification is GNU 11.4.0
-- Detecting C compiler ABI info
-- Detecting C compiler ABI info - done
-- Check for working C compiler: /usr/bin/cc - skipped
-- Detecting C compile features
-- Detecting C compile features - done
-- Detecting CXX compiler ABI info
-- Detecting CXX compiler ABI info - done
-- Check for working CXX compiler: /usr/bin/c++ - skipped
-- Detecting CXX compile features
-- Detecting CXX compile features - done
-- Found ament_cmake: 1.3.12 (/opt/ros/humble/share/ament_cmake/cmake)
-- Found Python3: /usr/bin/python3 (found version "3.10.12") found components: Interpreter
-- Found rclpy: 3.3.17 (/opt/ros/humble/share/rclpy/cmake)
-- Found rosidl_default_generators: 1.2.0 (/opt/ros/humble/share/rosidl_default_generators/cmake)
-- Using all available rosidl_typesupport_c: rosidl_typesupport_fastrtps_c;rosidl_typesupport_introspection_c
-- Found rosidl_adapter: 3.1.7 (/opt/ros/humble/share/rosidl_adapter/cmake)
-- Using all available rosidl_typesupport_cpp: rosidl_typesupport_fastrtps_cpp;rosidl_typesupport_introspection_cpp
-- Found ament_cmake_ros: 0.10.0 (/opt/ros/humble/share/ament_cmake_ros/cmake)
-- Using all available rosidl_typesupport_c: rosidl_typesupport_fastrtps_c;rosidl_typesupport_introspection_c
-- Using all available rosidl_typesupport_cpp: rosidl_typesupport_fastrtps_cpp;rosidl_typesupport_introspection_cpp
[33mCMake Warning (dev) at /opt/ros/humble/share/rosidl_generator_py/cmake/rosidl_generator_py_generate_interfaces.cmake:20 (find_package):
  Policy CMP0148 is not set: The FindPythonInterp and FindPythonLibs modules
  are removed.  Run "cmake --help-policy CMP0148" for policy details.  Use
  the cmake_policy command to set the policy and suppress this warning.

Call Stack (most recent call first):
  /opt/ros/humble/share/ament_cmake_core/cmake/core/ament_execute_extensions.cmake:48 (include)
  /opt/ros/humble/share/rosidl_cmake/cmake/rosidl_generate_interfaces.cmake:286 (ament_execute_extensions)
  CMakeLists.txt:10 (rosidl_generate_interfaces)
This warning is for project developers.  Use -Wno-dev to suppress it.
[0m
-- Found PythonInterp: /usr/bin/python3 (found suitable version "3.10.12", minimum required is "3.6")
-- Found python_cmake_module: 0.10.0 (/opt/ros/humble/share/python_cmake_module/cmake)
[33mCMake Warning (dev) at /opt/ros/humble/share/python_cmake_module/cmake/Modules/FindPythonExtra.cmake:52 (find_package):
  Policy CMP0148 is not set: The FindPythonInterp and FindPythonLibs modules
  are removed.  Run "cmake --help-policy CMP0148" for policy details.  Use
  the cmake_policy command to set the policy and suppress this warning.

Call Stack (most recent call first):
  /opt/ros/humble/share/rosidl_generator_py/cmake/rosidl_generator_py_generate_interfaces.cmake:23 (find_package)
  /opt/ros/humble/share/ament_cmake_core/cmake/core/ament_execute_extensions.cmake:48 (include)
  /opt/ros/humble/share/rosidl_cmake/cmake/rosidl_generate_interfaces.cmake:286 (ament_execute_extensions)
  CMakeLists.txt:10 (rosidl_generate_interfaces)
This warning is for project developers.  Use -Wno-dev to suppress it.
[0m
[33mCMake Warning (dev) at /opt/ros/humble/share/python_cmake_module/cmake/Modules/FindPythonExtra.cmake:140 (find_package):
  Policy CMP0148 is not set: The FindPythonInterp and FindPythonLibs modules
  are removed.  Run "cmake --help-policy CMP0148" for policy details.  Use
  the cmake_policy command to set the policy and suppress this warning.

Call Stack (most recent call first):
  /opt/ros/humble/share/rosidl_generator_py/cmake/rosidl_generator_py_generate_interfaces.cmake:23 (find_package)
  /opt/ros/humble/share/ament_cmake_core/cmake/core/ament_execute_extensions.cmake:48 (include)
  /opt/ros/humble/share/rosidl_cmake/cmake/rosidl_generate_interfaces.cmake:286 (ament_execute_extensions)
  CMakeLists.txt:10 (rosidl_generate_interfaces)
This warning is for project developers.  Use -Wno-dev to suppress it.
[0m
-- Found PythonLibs: /usr/lib/x86_64-linux-gnu/libpython3.10.so (found suitable version "3.10.12", minimum required is "3.5")
-- Using PYTHON_EXECUTABLE: /usr/bin/python3
-- Using PYTHON_INCLUDE_DIRS: /usr/include/python3.10
-- Using PYTHON_LIBRARIES: /usr/lib/x86_64-linux-gnu/libpython3.10.so
-- Found PythonExtra: .so
-- Configuring done (2.2s)
-- Generating done (0.0s)
-- Build files have been written to: /home/abdullahemirkirecci/project_root/build/command_server_pkg
[  3%] [1m[34mGenerating C code for ROS interfaces[0m
[  6%] [1m[34mGenerating C++ code for ROS interfaces[0m
[  6%] Built target ament_cmake_python_copy_command_server_pkg
running egg_info
creating command_server_pkg.egg-info
writing command_server_pkg.egg-info/PKG-INFO
writing dependency_links to command_server_pkg.egg-info/dependency_links.txt
writing top-level names to command_server_pkg.egg-info/top_level.txt
writing manifest file 'command_server_pkg.egg-info/SOURCES.txt'
reading manifest file 'command_server_pkg.egg-info/SOURCES.txt'
writing manifest file 'command_server_pkg.egg-info/SOURCES.txt'
[  6%] Built target command_server_pkg__cpp
[ 16%] [1m[34mGenerating C++ introspection for ROS interfaces[0m
[ 16%] [1m[34mGenerating C++ type support for eProsima Fast-RTPS[0m
[ 16%] [1m[34mGenerating C++ type support dispatch for ROS interfaces[0m
[ 19%] [32mBuilding C object CMakeFiles/command_server_pkg__rosidl_generator_c.dir/rosidl_generator_c/command_server_pkg/srv/detail/compute_command__functions.c.o[0m
[ 19%] Built target ament_cmake_python_build_command_server_pkg_egg
[ 22%] [1m[32mLinking C shared library libcommand_server_pkg__rosidl_generator_c.so[0m
[ 22%] Built target command_server_pkg__rosidl_generator_c
[ 29%] [1m[34mGenerating C type support dispatch for ROS interfaces[0m
[ 29%] [1m[34mGenerating C type support for eProsima Fast-RTPS[0m
[ 32%] [1m[34mGenerating C introspection for ROS interfaces[0m
[ 35%] [32mBuilding CXX object CMakeFiles/command_server_pkg__rosidl_typesupport_cpp.dir/rosidl_typesupport_cpp/command_server_pkg/srv/compute_command__type_support.cpp.o[0m
[ 38%] [32mBuilding CXX object CMakeFiles/command_server_pkg__rosidl_typesupport_introspection_cpp.dir/rosidl_typesupport_introspection_cpp/command_server_pkg/srv/detail/compute_command__type_support.cpp.o[0m
[ 41%] [32mBuilding CXX object CMakeFiles/command_server_pkg__rosidl_typesupport_fastrtps_cpp.dir/rosidl_typesupport_fastrtps_cpp/command_server_pkg/srv/detail/dds_fastrtps/compute_command__type_support.cpp.o[0m
[ 45%] [32mBuilding CXX object CMakeFiles/command_server_pkg__rosidl_typesupport_c.dir/rosidl_typesupport_c/command_server_pkg/srv/compute_command__type_support.cpp.o[0m
[ 48%] [32mBuilding CXX object CMakeFiles/command_server_pkg__rosidl_typesupport_fastrtps_c.dir/rosidl_typesupport_fastrtps_c/command_server_pkg/srv/detail/compute_command__type_support_c.cpp.o[0m
[ 51%] [32mBuilding C object CMakeFiles/command_server_pkg__rosidl_typesupport_introspection_c.dir/rosidl_typesupport_introspection_c/command_server_pkg/srv/detail/compute_command__type_support.c.o[0m
[ 54%] [1m[32mLinking CXX shared library libcommand_server_pkg__rosidl_typesupport_c.so[0m
[ 58%] [1m[32mLinking C shared library libcommand_server_pkg__rosidl_typesupport_introspection_c.so[0m
[ 58%] Built target command_server_pkg__rosidl_typesupport_c
[ 58%] Built target command_server_pkg__rosidl_typesupport_introspection_c
[ 61%] [1m[32mLinking CXX shared library libcommand_server_pkg__rosidl_typesupport_cpp.so[0m
[ 61%] Built target command_server_pkg__rosidl_typesupport_cpp
[ 64%] [1m[32mLinking CXX shared library libcommand_server_pkg__rosidl_typesupport_introspection_cpp.so[0m
[ 67%] [1m[32mLinking CXX shared library libcommand_server_pkg__rosidl_typesupport_fastrtps_cpp.so[0m
[ 67%] Built target command_server_pkg__rosidl_typesupport_introspection_cpp
[ 70%] [1m[32mLinking CXX shared library libcommand_server_pkg__rosidl_typesupport_fastrtps_c.so[0m
[ 70%] Built target command_server_pkg__rosidl_typesupport_fastrtps_cpp
[ 70%] Built target command_server_pkg__rosidl_typesupport_fastrtps_c
[ 70%] Built target command_server_pkg
[ 74%] [1m[34mGenerating Python code for ROS interfaces[0m
[ 74%] Built target command_server_pkg__py
[ 77%] [32mBuilding C object CMakeFiles/command_server_pkg__rosidl_generator_py.dir/rosidl_generator_py/command_server_pkg/srv/_compute_command_s.c.o[0m
[ 80%] [1m[32mLinking C shared library rosidl_generator_py/command_server_pkg/libcommand_server_pkg__rosidl_generator_py.so[0m
[ 80%] Built target command_server_pkg__rosidl_generator_py
[ 90%] [32mBuilding C object CMakeFiles/command_server_pkg__rosidl_typesupport_c__pyext.dir/rosidl_generator_py/command_server_pkg/_command_server_pkg_s.ep.rosidl_typesupport_c.c.o[0m
[ 90%] [32mBuilding C object CMakeFiles/command_server_pkg__rosidl_typesupport_introspection_c__pyext.dir/rosidl_generator_py/command_server_pkg/_command_server_pkg_s.ep.rosidl_typesupport_introspection_c.c.o[0m
[ 90%] [32mBuilding C object CMakeFiles/command_server_pkg__rosidl_typesupport_fastrtps_c__pyext.dir/rosidl_generator_py/command_server_pkg/_command_server_pkg_s.ep.rosidl_typesupport_fastrtps_c.c.o[0m
[ 93%] [1m[32mLinking C shared library rosidl_generator_py/command_server_pkg/command_server_pkg_s__rosidl_typesupport_c.cpython-310-x86_64-linux-gnu.so[0m
[ 96%] [1m[32mLinking C shared library rosidl_generator_py/command_server_pkg/command_server_pkg_s__rosidl_typesupport_introspection_c.cpython-310-x86_64-linux-gnu.so[0m
[100%] [1m[32mLinking C shared library rosidl_generator_py/command_server_pkg/command_server_pkg_s__rosidl_typesupport_fastrtps_c.cpython-310-x86_64-linux-gnu.so[0m
[100%] Built target command_server_pkg__rosidl_typesupport_c__pyext
[100%] Built target command_server_pkg__rosidl_typesupport_introspection_c__pyext
[100%] Built target command_server_pkg__rosidl_typesupport_fastrtps_c__pyext
-- Install configuration: ""
-- Installing: /home/abdullahemirkirecci/project_root/install/command_server_pkg/share/ament_index/resource_index/rosidl_interfaces/command_server_pkg
-- Installing: /home/abdullahemirkirecci/project_root/install/command_server_pkg/include/command_server_pkg/command_server_pkg
-- Installing: /home/abdullahemirkirecci/project_root/install/command_server_pkg/include/command_server_pkg/command_server_pkg/msg
-- Installing: /home/abdullahemirkirecci/project_root/install/command_server_pkg/include/command_server_pkg/command_server_pkg/msg/rosidl_generator_c__visibility_control.h
-- Installing: /home/abdullahemirkirecci/project_root/install/command_server_pkg/include/command_server_pkg/command_server_pkg/srv
-- Installing: /home/abdullahemirkirecci/project_root/install/command_server_pkg/include/command_server_pkg/command_server_pkg/srv/compute_command.h
-- Installing: /home/abdullahemirkirecci/project_root/install/command_server_pkg/include/command_server_pkg/command_server_pkg/srv/detail
-- Installing: /home/abdullahemirkirecci/project_root/install/command_server_pkg/include/command_server_pkg/command_server_pkg/srv/detail/compute_command__functions.h
-- Installing: /home/abdullahemirkirecci/project_root/install/command_server_pkg/include/command_server_pkg/command_server_pkg/srv/detail/compute_command__functions.c
-- Installing: /home/abdullahemirkirecci/project_root/install/command_server_pkg/include/command_server_pkg/command_server_pkg/srv/detail/compute_command__type_support.h
-- Installing: /home/abdullahemirkirecci/project_root/install/command_server_pkg/include/command_server_pkg/command_server_pkg/srv/detail/compute_command__struct.h
-- Installing: /home/abdullahemirkirecci/project_root/install/command_server_pkg/share/command_server_pkg/environment/library_path.sh
-- Installing: /home/abdullahemirkirecci/project_root/install/command_server_pkg/share/command_server_pkg/environment/library_path.dsv
-- Installing: /home/abdullahemirkirecci/project_root/install/command_server_pkg/lib/libcommand_server_pkg__rosidl_generator_c.so
-- Set non-toolchain portion of runtime path of "/home/abdullahemirkirecci/project_root/install/command_server_pkg/lib/libcommand_server_pkg__rosidl_generator_c.so" to ""
-- Up-to-date: /home/abdullahemirkirecci/project_root/install/command_server_pkg/include/command_server_pkg/command_server_pkg
-- Up-to-date: /home/abdullahemirkirecci/project_root/install/command_server_pkg/include/command_server_pkg/command_server_pkg/msg
-- Installing: /home/abdullahemirkirecci/project_root/install/command_server_pkg/include/command_server_pkg/command_server_pkg/msg/rosidl_typesupport_fastrtps_c__visibility_control.h
-- Up-to-date: /home/abdullahemirkirecci/project_root/install/command_server_pkg/include/command_server_pkg/command_server_pkg/srv
-- Up-to-date: /home/abdullahemirkirecci/project_root/install/command_server_pkg/include/command_server_pkg/command_server_pkg/srv/detail
-- Installing: /home/abdullahemirkirecci/project_root/install/command_server_pkg/include/command_server_pkg/command_server_pkg/srv/detail/compute_command__rosidl_typesupport_fastrtps_c.h
-- Installing: /home/abdullahemirkirecci/project_root/install/command_server_pkg/lib/libcommand_server_pkg__rosidl_typesupport_fastrtps_c.so
-- Set non-toolchain portion of runtime path of "/home/abdullahemirkirecci/project_root/install/command_server_pkg/lib/libcommand_server_pkg__rosidl_typesupport_fastrtps_c.so" to ""
-- Up-to-date: /home/abdullahemirkirecci/project_root/install/command_server_pkg/include/command_server_pkg/command_server_pkg
-- Up-to-date: /home/abdullahemirkirecci/project_root/install/command_server_pkg/include/command_server_pkg/command_server_pkg/msg
-- Installing: /home/abdullahemirkirecci/project_root/install/command_server_pkg/include/command_server_pkg/command_server_pkg/msg/rosidl_typesupport_introspection_c__visibility_control.h
-- Up-to-date: /home/abdullahemirkirecci/project_root/install/command_server_pkg/include/command_server_pkg/command_server_pkg/srv
-- Up-to-date: /home/abdullahemirkirecci/project_root/install/command_server_pkg/include/command_server_pkg/command_server_pkg/srv/detail
-- Installing: /home/abdullahemirkirecci/project_root/install/command_server_pkg/include/command_server_pkg/command_server_pkg/srv/detail/compute_command__type_support.c
-- Installing: /home/abdullahemirkirecci/project_root/install/command_server_pkg/include/command_server_pkg/command_server_pkg/srv/detail/compute_command__rosidl_typesupport_introspection_c.h
-- Installing: /home/abdullahemirkirecci/project_root/install/command_server_pkg/lib/libcommand_server_pkg__rosidl_typesupport_introspection_c.so
-- Set non-toolchain portion of runtime path of "/home/abdullahemirkirecci/project_root/install/command_server_pkg/lib/libcommand_server_pkg__rosidl_typesupport_introspection_c.so" to ""
-- Installing: /home/abdullahemirkirecci/project_root/install/command_server_pkg/lib/libcommand_server_pkg__rosidl_typesupport_c.so
-- Set non-toolchain portion of runtime path of "/home/abdullahemirkirecci/project_root/install/command_server_pkg/lib/libcommand_server_pkg__rosidl_typesupport_c.so" to ""
-- Up-to-date: /home/abdullahemirkirecci/project_root/install/command_server_pkg/include/command_server_pkg/command_server_pkg
-- Up-to-date: /home/abdullahemirkirecci/project_root/install/command_server_pkg/include/command_server_pkg/command_server_pkg/msg
-- Installing: /home/abdullahemirkirecci/project_root/install/command_server_pkg/include/command_server_pkg/command_server_pkg/msg/rosidl_generator_cpp__visibility_control.hpp
-- Up-to-date: /home/abdullahemirkirecci/project_root/install/command_server_pkg/include/command_server_pkg/command_server_pkg/srv
-- Installing: /home/abdullahemirkirecci/project_root/install/command_server_pkg/include/command_server_pkg/command_server_pkg/srv/compute_command.hpp
-- Up-to-date: /home/abdullahemirkirecci/project_root/install/command_server_pkg/include/command_server_pkg/command_server_pkg/srv/detail
-- Installing: /home/abdullahemirkirecci/project_root/install/command_server_pkg/include/command_server_pkg/command_server_pkg/srv/detail/compute_command__builder.hpp
-- Installing: /home/abdullahemirkirecci/project_root/install/command_server_pkg/include/command_server_pkg/command_server_pkg/srv/detail/compute_command__type_support.hpp
-- Installing: /home/abdullahemirkirecci/project_root/install/command_server_pkg/include/command_server_pkg/command_server_pkg/srv/detail/compute_command__traits.hpp
-- Installing: /home/abdullahemirkirecci/project_root/install/command_server_pkg/include/command_server_pkg/command_server_pkg/srv/detail/compute_command__struct.hpp
-- Up-to-date: /home/abdullahemirkirecci/project_root/install/command_server_pkg/include/command_server_pkg/command_server_pkg
-- Up-to-date: /home/abdullahemirkirecci/project_root/install/command_server_pkg/include/command_server_pkg/command_server_pkg/msg
-- Installing: /home/abdullahemirkirecci/project_root/install/command_server_pkg/include/command_server_pkg/command_server_pkg/msg/rosidl_typesupport_fastrtps_cpp__visibility_control.h
-- Up-to-date: /home/abdullahemirkirecci/project_root/install/command_server_pkg/include/command_server_pkg/command_server_pkg/srv
-- Up-to-date: /home/abdullahemirkirecci/project_root/install/command_server_pkg/include/command_server_pkg/command_server_pkg/srv/detail
-- Installing: /home/abdullahemirkirecci/project_root/install/command_server_pkg/include/command_server_pkg/command_server_pkg/srv/detail/dds_fastrtps
-- Installing: /home/abdullahemirkirecci/project_root/install/command_server_pkg/include/command_server_pkg/command_server_pkg/srv/detail/compute_command__rosidl_typesupport_fastrtps_cpp.hpp
-- Installing: /home/abdullahemirkirecci/project_root/install/command_server_pkg/lib/libcommand_server_pkg__rosidl_typesupport_fastrtps_cpp.so
-- Set non-toolchain portion of runtime path of "/home/abdullahemirkirecci/project_root/install/command_server_pkg/lib/libcommand_server_pkg__rosidl_typesupport_fastrtps_cpp.so" to ""
-- Up-to-date: /home/abdullahemirkirecci/project_root/install/command_server_pkg/include/command_server_pkg/command_server_pkg
-- Up-to-date: /home/abdullahemirkirecci/project_root/install/command_server_pkg/include/command_server_pkg/command_server_pkg/srv
-- Up-to-date: /home/abdullahemirkirecci/project_root/install/command_server_pkg/include/command_server_pkg/command_server_pkg/srv/detail
-- Installing: /home/abdullahemirkirecci/project_root/install/command_server_pkg/include/command_server_pkg/command_server_pkg/srv/detail/compute_command__type_support.cpp
-- Installing: /home/abdullahemirkirecci/project_root/install/command_server_pkg/include/command_server_pkg/command_server_pkg/srv/detail/compute_command__rosidl_typesupport_introspection_cpp.hpp
-- Installing: /home/abdullahemirkirecci/project_root/install/command_server_pkg/lib/libcommand_server_pkg__rosidl_typesupport_introspection_cpp.so
-- Set non-toolchain portion of runtime path of "/home/abdullahemirkirecci/project_root/install/command_server_pkg/lib/libcommand_server_pkg__rosidl_typesupport_introspection_cpp.so" to ""
-- Installing: /home/abdullahemirkirecci/project_root/install/command_server_pkg/lib/libcommand_server_pkg__rosidl_typesupport_cpp.so
-- Set non-toolchain portion of runtime path of "/home/abdullahemirkirecci/project_root/install/command_server_pkg/lib/libcommand_server_pkg__rosidl_typesupport_cpp.so" to ""
-- Installing: /home/abdullahemirkirecci/project_root/install/command_server_pkg/share/command_server_pkg/environment/pythonpath.sh
-- Installing: /home/abdullahemirkirecci/project_root/install/command_server_pkg/share/command_server_pkg/environment/pythonpath.dsv
-- Installing: /home/abdullahemirkirecci/project_root/install/command_server_pkg/local/lib/python3.10/dist-packages/command_server_pkg-0.0.0-py3.10.egg-info
-- Installing: /home/abdullahemirkirecci/project_root/install/command_server_pkg/local/lib/python3.10/dist-packages/command_server_pkg-0.0.0-py3.10.egg-info/top_level.txt
-- Installing: /home/abdullahemirkirecci/project_root/install/command_server_pkg/local/lib/python3.10/dist-packages/command_server_pkg-0.0.0-py3.10.egg-info/dependency_links.txt
-- Installing: /home/abdullahemirkirecci/project_root/install/command_server_pkg/local/lib/python3.10/dist-packages/command_server_pkg-0.0.0-py3.10.egg-info/PKG-INFO
-- Installing: /home/abdullahemirkirecci/project_root/install/command_server_pkg/local/lib/python3.10/dist-packages/command_server_pkg-0.0.0-py3.10.egg-info/SOURCES.txt
-- Installing: /home/abdullahemirkirecci/project_root/install/command_server_pkg/local/lib/python3.10/dist-packages/command_server_pkg
-- Installing: /home/abdullahemirkirecci/project_root/install/command_server_pkg/local/lib/python3.10/dist-packages/command_server_pkg/command_server_pkg_s__rosidl_typesupport_introspection_c.cpython-310-x86_64-linux-gnu.so
-- Installing: /home/abdullahemirkirecci/project_root/install/command_server_pkg/local/lib/python3.10/dist-packages/command_server_pkg/command_server_pkg_s__rosidl_typesupport_c.cpython-310-x86_64-linux-gnu.so
-- Installing: /home/abdullahemirkirecci/project_root/install/command_server_pkg/local/lib/python3.10/dist-packages/command_server_pkg/libcommand_server_pkg__rosidl_generator_py.so
-- Installing: /home/abdullahemirkirecci/project_root/install/command_server_pkg/local/lib/python3.10/dist-packages/command_server_pkg/srv
-- Installing: /home/abdullahemirkirecci/project_root/install/command_server_pkg/local/lib/python3.10/dist-packages/command_server_pkg/srv/_compute_command.py
-- Installing: /home/abdullahemirkirecci/project_root/install/command_server_pkg/local/lib/python3.10/dist-packages/command_server_pkg/srv/_compute_command_s.c
-- Installing: /home/abdullahemirkirecci/project_root/install/command_server_pkg/local/lib/python3.10/dist-packages/command_server_pkg/srv/__init__.py
-- Installing: /home/abdullahemirkirecci/project_root/install/command_server_pkg/local/lib/python3.10/dist-packages/command_server_pkg/_command_server_pkg_s.ep.rosidl_typesupport_introspection_c.c
-- Installing: /home/abdullahemirkirecci/project_root/install/command_server_pkg/local/lib/python3.10/dist-packages/command_server_pkg/command_server_pkg_s__rosidl_typesupport_fastrtps_c.cpython-310-x86_64-linux-gnu.so
-- Installing: /home/abdullahemirkirecci/project_root/install/command_server_pkg/local/lib/python3.10/dist-packages/command_server_pkg/__init__.py
-- Installing: /home/abdullahemirkirecci/project_root/install/command_server_pkg/local/lib/python3.10/dist-packages/command_server_pkg/_command_server_pkg_s.ep.rosidl_typesupport_c.c
-- Installing: /home/abdullahemirkirecci/project_root/install/command_server_pkg/local/lib/python3.10/dist-packages/command_server_pkg/_command_server_pkg_s.ep.rosidl_typesupport_fastrtps_c.c
Listing '/home/abdullahemirkirecci/project_root/install/command_server_pkg/local/lib/python3.10/dist-packages/command_server_pkg'...
Compiling '/home/abdullahemirkirecci/project_root/install/command_server_pkg/local/lib/python3.10/dist-packages/command_server_pkg/__init__.py'...
Listing '/home/abdullahemirkirecci/project_root/install/command_server_pkg/local/lib/python3.10/dist-packages/command_server_pkg/srv'...
Compiling '/home/abdullahemirkirecci/project_root/install/command_server_pkg/local/lib/python3.10/dist-packages/command_server_pkg/srv/__init__.py'...
Compiling '/home/abdullahemirkirecci/project_root/install/command_server_pkg/local/lib/python3.10/dist-packages/command_server_pkg/srv/_compute_command.py'...
-- Installing: /home/abdullahemirkirecci/project_root/install/command_server_pkg/local/lib/python3.10/dist-packages/command_server_pkg/command_server_pkg_s__rosidl_typesupport_fastrtps_c.cpython-310-x86_64-linux-gnu.so
-- Set non-toolchain portion of runtime path of "/home/abdullahemirkirecci/project_root/install/command_server_pkg/local/lib/python3.10/dist-packages/command_server_pkg/command_server_pkg_s__rosidl_typesupport_fastrtps_c.cpython-310-x86_64-linux-gnu.so" to ""
-- Installing: /home/abdullahemirkirecci/project_root/install/command_server_pkg/local/lib/python3.10/dist-packages/command_server_pkg/command_server_pkg_s__rosidl_typesupport_introspection_c.cpython-310-x86_64-linux-gnu.so
-- Set non-toolchain portion of runtime path of "/home/abdullahemirkirecci/project_root/install/command_server_pkg/local/lib/python3.10/dist-packages/command_server_pkg/command_server_pkg_s__rosidl_typesupport_introspection_c.cpython-310-x86_64-linux-gnu.so" to ""
-- Installing: /home/abdullahemirkirecci/project_root/install/command_server_pkg/local/lib/python3.10/dist-packages/command_server_pkg/command_server_pkg_s__rosidl_typesupport_c.cpython-310-x86_64-linux-gnu.so
-- Set non-toolchain portion of runtime path of "/home/abdullahemirkirecci/project_root/install/command_server_pkg/local/lib/python3.10/dist-packages/command_server_pkg/command_server_pkg_s__rosidl_typesupport_c.cpython-310-x86_64-linux-gnu.so" to ""
-- Installing: /home/abdullahemirkirecci/project_root/install/command_server_pkg/lib/libcommand_server_pkg__rosidl_generator_py.so
-- Set non-toolchain portion of runtime path of "/home/abdullahemirkirecci/project_root/install/command_server_pkg/lib/libcommand_server_pkg__rosidl_generator_py.so" to ""
-- Installing: /home/abdullahemirkirecci/project_root/install/command_server_pkg/share/command_server_pkg/srv/ComputeCommand.idl
-- Installing: /home/abdullahemirkirecci/project_root/install/command_server_pkg/share/command_server_pkg/srv/ComputeCommand.srv
-- Installing: /home/abdullahemirkirecci/project_root/install/command_server_pkg/share/command_server_pkg/srv/ComputeCommand_Request.msg
-- Installing: /home/abdullahemirkirecci/project_root/install/command_server_pkg/share/command_server_pkg/srv/ComputeCommand_Response.msg
-- Installing: /home/abdullahemirkirecci/project_root/install/command_server_pkg/lib/command_server_pkg/command_server
-- Installing: /home/abdullahemirkirecci/project_root/install/command_server_pkg/share/ament_index/resource_index/package_run_dependencies/command_server_pkg
-- Installing: /home/abdullahemirkirecci/project_root/install/command_server_pkg/share/ament_index/resource_index/parent_prefix_path/command_server_pkg
-- Installing: /home/abdullahemirkirecci/project_root/install/command_server_pkg/share/command_server_pkg/environment/ament_prefix_path.sh
-- Installing: /home/abdullahemirkirecci/project_root/install/command_server_pkg/share/command_server_pkg/environment/ament_prefix_path.dsv
-- Installing: /home/abdullahemirkirecci/project_root/install/command_server_pkg/share/command_server_pkg/environment/path.sh
-- Installing: /home/abdullahemirkirecci/project_root/install/command_server_pkg/share/command_server_pkg/environment/path.dsv
-- Installing: /home/abdullahemirkirecci/project_root/install/command_server_pkg/share/command_server_pkg/local_setup.bash
-- Installing: /home/abdullahemirkirecci/project_root/install/command_server_pkg/share/command_server_pkg/local_setup.sh
-- Installing: /home/abdullahemirkirecci/project_root/install/command_server_pkg/share/command_server_pkg/local_setup.zsh
-- Installing: /home/abdullahemirkirecci/project_root/install/command_server_pkg/share/command_server_pkg/local_setup.dsv
-- Installing: /home/abdullahemirkirecci/project_root/install/command_server_pkg/share/command_server_pkg/package.dsv
-- Installing: /home/abdullahemirkirecci/project_root/install/command_server_pkg/share/ament_index/resource_index/packages/command_server_pkg
-- Installing: /home/abdullahemirkirecci/project_root/install/command_server_pkg/share/command_server_pkg/cmake/export_command_server_pkg__rosidl_generator_cExport.cmake
-- Installing: /home/abdullahemirkirecci/project_root/install/command_server_pkg/share/command_server_pkg/cmake/export_command_server_pkg__rosidl_generator_cExport-noconfig.cmake
-- Installing: /home/abdullahemirkirecci/project_root/install/command_server_pkg/share/command_server_pkg/cmake/export_command_server_pkg__rosidl_typesupport_fastrtps_cExport.cmake
-- Installing: /home/abdullahemirkirecci/project_root/install/command_server_pkg/share/command_server_pkg/cmake/export_command_server_pkg__rosidl_typesupport_fastrtps_cExport-noconfig.cmake
-- Installing: /home/abdullahemirkirecci/project_root/install/command_server_pkg/share/command_server_pkg/cmake/command_server_pkg__rosidl_typesupport_introspection_cExport.cmake
-- Installing: /home/abdullahemirkirecci/project_root/install/command_server_pkg/share/command_server_pkg/cmake/command_server_pkg__rosidl_typesupport_introspection_cExport-noconfig.cmake
-- Installing: /home/abdullahemirkirecci/project_root/install/command_server_pkg/share/command_server_pkg/cmake/command_server_pkg__rosidl_typesupport_cExport.cmake
-- Installing: /home/abdullahemirkirecci/project_root/install/command_server_pkg/share/command_server_pkg/cmake/command_server_pkg__rosidl_typesupport_cExport-noconfig.cmake
-- Installing: /home/abdullahemirkirecci/project_root/install/command_server_pkg/share/command_server_pkg/cmake/export_command_server_pkg__rosidl_generator_cppExport.cmake
-- Installing: /home/abdullahemirkirecci/project_root/install/command_server_pkg/share/command_server_pkg/cmake/export_command_server_pkg__rosidl_typesupport_fastrtps_cppExport.cmake
-- Installing: /home/abdullahemirkirecci/project_root/install/command_server_pkg/share/command_server_pkg/cmake/export_command_server_pkg__rosidl_typesupport_fastrtps_cppExport-noconfig.cmake
-- Installing: /home/abdullahemirkirecci/project_root/install/command_server_pkg/share/command_server_pkg/cmake/command_server_pkg__rosidl_typesupport_introspection_cppExport.cmake
-- Installing: /home/abdullahemirkirecci/project_root/install/command_server_pkg/share/command_server_pkg/cmake/command_server_pkg__rosidl_typesupport_introspection_cppExport-noconfig.cmake
-- Installing: /home/abdullahemirkirecci/project_root/install/command_server_pkg/share/command_server_pkg/cmake/command_server_pkg__rosidl_typesupport_cppExport.cmake
-- Installing: /home/abdullahemirkirecci/project_root/install/command_server_pkg/share/command_server_pkg/cmake/command_server_pkg__rosidl_typesupport_cppExport-noconfig.cmake
-- Installing: /home/abdullahemirkirecci/project_root/install/command_server_pkg/share/command_server_pkg/cmake/export_command_server_pkg__rosidl_generator_pyExport.cmake
-- Installing: /home/abdullahemirkirecci/project_root/install/command_server_pkg/share/command_server_pkg/cmake/export_command_server_pkg__rosidl_generator_pyExport-noconfig.cmake
-- Installing: /home/abdullahemirkirecci/project_root/install/command_server_pkg/share/command_server_pkg/cmake/rosidl_cmake-extras.cmake
-- Installing: /home/abdullahemirkirecci/project_root/install/command_server_pkg/share/command_server_pkg/cmake/ament_cmake_export_include_directories-extras.cmake
-- Installing: /home/abdullahemirkirecci/project_root/install/command_server_pkg/share/command_server_pkg/cmake/ament_cmake_export_libraries-extras.cmake
-- Installing: /home/abdullahemirkirecci/project_root/install/command_server_pkg/share/command_server_pkg/cmake/ament_cmake_export_targets-extras.cmake
-- Installing: /home/abdullahemirkirecci/project_root/install/command_server_pkg/share/command_server_pkg/cmake/rosidl_cmake_export_typesupport_targets-extras.cmake
-- Installing: /home/abdullahemirkirecci/project_root/install/command_server_pkg/share/command_server_pkg/cmake/ament_cmake_export_dependencies-extras.cmake
-- Installing: /home/abdullahemirkirecci/project_root/install/command_server_pkg/share/command_server_pkg/cmake/rosidl_cmake_export_typesupport_libraries-extras.cmake
-- Installing: /home/abdullahemirkirecci/project_root/install/command_server_pkg/share/command_server_pkg/cmake/command_server_pkgConfig.cmake
-- Installing: /home/abdullahemirkirecci/project_root/install/command_server_pkg/share/command_server_pkg/cmake/command_server_pkgConfig-version.cmake
-- Installing: /home/abdullahemirkirecci/project_root/install/command_server_pkg/share/command_server_pkg/package.xml
