[0.276s] Invoking command in '/home/abdullahemirkirecci/project_root/build/my_project': CMAKE_PREFIX_PATH=${CMAKE_PREFIX_PATH}:/home/abdullahemirkirecci/project_root/install/sensor_publisher_pkg:/home/abdullahemirkirecci/project_root/install/data_processor_pkg:/opt/ros/humble /usr/bin/cmake /home/abdullahemirkirecci/project_root/src/my_project -DCMAKE_INSTALL_PREFIX=/home/abdullahemirkirecci/project_root/install/my_project
[0.280s] [0mCMake Deprecation Warning at CMakeLists.txt:1 (cmake_minimum_required):
[0.280s]   Compatibility with CMake < 3.10 will be removed from a future version of
[0.280s]   CMake.
[0.280s] 
[0.280s]   Update the VERSION argument <min> value.  Or, use the <min>...<max> syntax
[0.280s]   to tell CMake that the project requires at least <min> but has been updated
[0.280s]   to work with policies introduced by <max> or earlier.
[0.280s] 
[0.280s] [0m
[0.333s] -- The C compiler identification is GNU 11.4.0
[0.410s] -- The CXX compiler identification is GNU 11.4.0
[0.418s] -- Detecting C compiler ABI info
[0.484s] -- Detecting C compiler ABI info - done
[0.498s] -- Check for working C compiler: /usr/bin/cc - skipped
[0.499s] -- Detecting C compile features
[0.499s] -- Detecting C compile features - done
[0.513s] -- Detecting CXX compiler ABI info
[0.602s] -- Detecting CXX compiler ABI info - done
[0.617s] -- Check for working CXX compiler: /usr/bin/c++ - skipped
[0.619s] -- Detecting CXX compile features
[0.619s] -- Detecting CXX compile features - done
[0.629s] -- Found ament_cmake: 1.3.12 (/opt/ros/humble/share/ament_cmake/cmake)
[0.771s] -- Found Python3: /usr/bin/python3 (found version "3.10.12") found components: Interpreter
[0.980s] -- Configuring done (0.7s)
[0.985s] -- Generating done (0.0s)
[0.987s] -- Build files have been written to: /home/abdullahemirkirecci/project_root/build/my_project
[0.993s] Invoked command in '/home/abdullahemirkirecci/project_root/build/my_project' returned '0': CMAKE_PREFIX_PATH=${CMAKE_PREFIX_PATH}:/home/abdullahemirkirecci/project_root/install/sensor_publisher_pkg:/home/abdullahemirkirecci/project_root/install/data_processor_pkg:/opt/ros/humble /usr/bin/cmake /home/abdullahemirkirecci/project_root/src/my_project -DCMAKE_INSTALL_PREFIX=/home/abdullahemirkirecci/project_root/install/my_project
[0.995s] Invoking command in '/home/abdullahemirkirecci/project_root/build/my_project': CMAKE_PREFIX_PATH=${CMAKE_PREFIX_PATH}:/home/abdullahemirkirecci/project_root/install/sensor_publisher_pkg:/home/abdullahemirkirecci/project_root/install/data_processor_pkg:/opt/ros/humble /usr/bin/cmake --build /home/abdullahemirkirecci/project_root/build/my_project -- -j8 -l8
[1.022s] Invoked command in '/home/abdullahemirkirecci/project_root/build/my_project' returned '0': CMAKE_PREFIX_PATH=${CMAKE_PREFIX_PATH}:/home/abdullahemirkirecci/project_root/install/sensor_publisher_pkg:/home/abdullahemirkirecci/project_root/install/data_processor_pkg:/opt/ros/humble /usr/bin/cmake --build /home/abdullahemirkirecci/project_root/build/my_project -- -j8 -l8
[1.023s] Invoking command in '/home/abdullahemirkirecci/project_root/build/my_project': CMAKE_PREFIX_PATH=${CMAKE_PREFIX_PATH}:/home/abdullahemirkirecci/project_root/install/sensor_publisher_pkg:/home/abdullahemirkirecci/project_root/install/data_processor_pkg:/opt/ros/humble /usr/bin/cmake --install /home/abdullahemirkirecci/project_root/build/my_project
[1.027s] -- Install configuration: ""
[1.027s] -- Installing: /home/abdullahemirkirecci/project_root/install/my_project/share/my_project/launch
[1.027s] -- Installing: /home/abdullahemirkirecci/project_root/install/my_project/share/my_project/launch/my_project.launch.py
[1.027s] -- Installing: /home/abdullahemirkirecci/project_root/install/my_project/share/ament_index/resource_index/package_run_dependencies/my_project
[1.028s] -- Installing: /home/abdullahemirkirecci/project_root/install/my_project/share/ament_index/resource_index/parent_prefix_path/my_project
[1.028s] -- Installing: /home/abdullahemirkirecci/project_root/install/my_project/share/my_project/environment/ament_prefix_path.sh
[1.028s] -- Installing: /home/abdullahemirkirecci/project_root/install/my_project/share/my_project/environment/ament_prefix_path.dsv
[1.028s] -- Installing: /home/abdullahemirkirecci/project_root/install/my_project/share/my_project/environment/path.sh
[1.028s] -- Installing: /home/abdullahemirkirecci/project_root/install/my_project/share/my_project/environment/path.dsv
[1.029s] -- Installing: /home/abdullahemirkirecci/project_root/install/my_project/share/my_project/local_setup.bash
[1.029s] -- Installing: /home/abdullahemirkirecci/project_root/install/my_project/share/my_project/local_setup.sh
[1.029s] -- Installing: /home/abdullahemirkirecci/project_root/install/my_project/share/my_project/local_setup.zsh
[1.029s] -- Installing: /home/abdullahemirkirecci/project_root/install/my_project/share/my_project/local_setup.dsv
[1.029s] -- Installing: /home/abdullahemirkirecci/project_root/install/my_project/share/my_project/package.dsv
[1.030s] -- Installing: /home/abdullahemirkirecci/project_root/install/my_project/share/ament_index/resource_index/packages/my_project
[1.030s] -- Installing: /home/abdullahemirkirecci/project_root/install/my_project/share/my_project/cmake/my_projectConfig.cmake
[1.030s] -- Installing: /home/abdullahemirkirecci/project_root/install/my_project/share/my_project/cmake/my_projectConfig-version.cmake
[1.030s] -- Installing: /home/abdullahemirkirecci/project_root/install/my_project/share/my_project/package.xml
[1.034s] Invoked command in '/home/abdullahemirkirecci/project_root/build/my_project' returned '0': CMAKE_PREFIX_PATH=${CMAKE_PREFIX_PATH}:/home/abdullahemirkirecci/project_root/install/sensor_publisher_pkg:/home/abdullahemirkirecci/project_root/install/data_processor_pkg:/opt/ros/humble /usr/bin/cmake --install /home/abdullahemirkirecci/project_root/build/my_project
